2025-04-11 10:25:18,544 INFO [main] o.a.n.a.FileUserGroupProvider Creating new users file at /opt/nifi/nifi-current/./conf/users.xml
2025-04-11 10:25:18,561 INFO [main] o.a.n.a.FileUserGroupProvider Users/Groups file loaded at Fri Apr 11 10:25:18 UTC 2025
2025-04-11 10:25:18,584 INFO [main] o.a.n.a.FileAccessPolicyProvider Creating new authorizations file at /opt/nifi/nifi-current/./conf/authorizations.xml
2025-04-11 10:25:18,602 INFO [main] o.a.n.a.FileAccessPolicyProvider Authorizations file loaded at Fri Apr 11 10:25:18 UTC 2025
2025-04-11 10:25:18,610 INFO [main] o.a.n.a.single.user.SingleUserAuthorizer Initializing Authorizer
2025-04-11 10:25:18,617 INFO [main] o.a.n.a.single.user.SingleUserAuthorizer Configuring Authorizer
2025-04-11 12:21:16,102 INFO [main] o.a.n.a.FileUserGroupProvider Users/Groups file loaded at Fri Apr 11 12:21:16 UTC 2025
2025-04-11 12:21:16,217 INFO [main] o.a.n.a.FileAccessPolicyProvider Authorizations file loaded at Fri Apr 11 12:21:16 UTC 2025
2025-04-11 12:21:16,229 INFO [main] o.a.n.a.single.user.SingleUserAuthorizer Initializing Authorizer
2025-04-11 12:21:16,245 INFO [main] o.a.n.a.single.user.SingleUserAuthorizer Configuring Authorizer
2025-04-11 12:35:42,529 ERROR [NiFi Web Server-89] o.a.nifi.web.api.config.ThrowableMapper An unexpected error has occurred: org.springframework.security.oauth2.server.resource.InvalidBearerTokenException: An error occurred while attempting to decode the Jwt: Signed JWT rejected: Another algorithm expected, or no matching key(s) found. Returning Internal Server Error response.
org.springframework.security.oauth2.server.resource.InvalidBearerTokenException: An error occurred while attempting to decode the Jwt: Signed JWT rejected: Another algorithm expected, or no matching key(s) found
	at org.springframework.security.oauth2.server.resource.authentication.JwtAuthenticationProvider.getJwt(JwtAuthenticationProvider.java:101)
	at org.springframework.security.oauth2.server.resource.authentication.JwtAuthenticationProvider.authenticate(JwtAuthenticationProvider.java:88)
	at org.apache.nifi.web.api.AccessResource.getAccessStatus(AccessResource.java:252)
	at sun.reflect.NativeMethodAccessorImpl.invoke0(Native Method)
	at sun.reflect.NativeMethodAccessorImpl.invoke(NativeMethodAccessorImpl.java:62)
	at sun.reflect.DelegatingMethodAccessorImpl.invoke(DelegatingMethodAccessorImpl.java:43)
	at java.lang.reflect.Method.invoke(Method.java:498)
	at org.glassfish.jersey.server.model.internal.ResourceMethodInvocationHandlerFactory.lambda$static$0(ResourceMethodInvocationHandlerFactory.java:52)
	at org.glassfish.jersey.server.model.internal.AbstractJavaResourceMethodDispatcher$1.run(AbstractJavaResourceMethodDispatcher.java:124)
	at org.glassfish.jersey.server.model.internal.AbstractJavaResourceMethodDispatcher.invoke(AbstractJavaResourceMethodDispatcher.java:167)
	at org.glassfish.jersey.server.model.internal.JavaResourceMethodDispatcherProvider$ResponseOutInvoker.doDispatch(JavaResourceMethodDispatcherProvider.java:176)
	at org.glassfish.jersey.server.model.internal.AbstractJavaResourceMethodDispatcher.dispatch(AbstractJavaResourceMethodDispatcher.java:79)
	at org.glassfish.jersey.server.model.ResourceMethodInvoker.invoke(ResourceMethodInvoker.java:475)
	at org.glassfish.jersey.server.model.ResourceMethodInvoker.apply(ResourceMethodInvoker.java:397)
	at org.glassfish.jersey.server.model.ResourceMethodInvoker.apply(ResourceMethodInvoker.java:81)
	at org.glassfish.jersey.server.ServerRuntime$1.run(ServerRuntime.java:255)
	at org.glassfish.jersey.internal.Errors$1.call(Errors.java:248)
	at org.glassfish.jersey.internal.Errors$1.call(Errors.java:244)
	at org.glassfish.jersey.internal.Errors.process(Errors.java:292)
	at org.glassfish.jersey.internal.Errors.process(Errors.java:274)
	at org.glassfish.jersey.internal.Errors.process(Errors.java:244)
	at org.glassfish.jersey.process.internal.RequestScope.runInScope(RequestScope.java:265)
	at org.glassfish.jersey.server.ServerRuntime.process(ServerRuntime.java:234)
	at org.glassfish.jersey.server.ApplicationHandler.handle(ApplicationHandler.java:680)
	at org.glassfish.jersey.servlet.WebComponent.serviceImpl(WebComponent.java:394)
	at org.glassfish.jersey.servlet.WebComponent.service(WebComponent.java:346)
	at org.glassfish.jersey.servlet.ServletContainer.service(ServletContainer.java:366)
	at org.glassfish.jersey.servlet.ServletContainer.service(ServletContainer.java:319)
	at org.glassfish.jersey.servlet.ServletContainer.service(ServletContainer.java:205)
	at org.eclipse.jetty.servlet.ServletHolder$NotAsync.service(ServletHolder.java:1459)
	at org.eclipse.jetty.servlet.ServletHolder.handle(ServletHolder.java:799)
	at org.eclipse.jetty.servlet.ServletHandler$ChainEnd.doFilter(ServletHandler.java:1631)
	at org.apache.nifi.web.filter.RequestLogger.doFilter(RequestLogger.java:66)
	at org.eclipse.jetty.servlet.FilterHolder.doFilter(FilterHolder.java:193)
	at org.eclipse.jetty.servlet.ServletHandler$Chain.doFilter(ServletHandler.java:1601)
	at org.springframework.security.web.FilterChainProxy.doFilterInternal(FilterChainProxy.java:204)
	at org.springframework.security.web.FilterChainProxy.doFilter(FilterChainProxy.java:183)
	at org.springframework.web.filter.DelegatingFilterProxy.invokeDelegate(DelegatingFilterProxy.java:358)
	at org.springframework.web.filter.DelegatingFilterProxy.doFilter(DelegatingFilterProxy.java:271)
	at org.eclipse.jetty.servlet.FilterHolder.doFilter(FilterHolder.java:193)
	at org.eclipse.jetty.servlet.ServletHandler$Chain.doFilter(ServletHandler.java:1601)
	at org.apache.nifi.web.filter.TimerFilter.doFilter(TimerFilter.java:51)
	at org.eclipse.jetty.servlet.FilterHolder.doFilter(FilterHolder.java:193)
	at org.eclipse.jetty.servlet.ServletHandler$Chain.doFilter(ServletHandler.java:1601)
	at org.apache.nifi.web.filter.ExceptionFilter.doFilter(ExceptionFilter.java:46)
	at org.eclipse.jetty.servlet.FilterHolder.doFilter(FilterHolder.java:201)
	at org.eclipse.jetty.servlet.ServletHandler$Chain.doFilter(ServletHandler.java:1601)
	at org.eclipse.jetty.servlets.DoSFilter.doFilterChain(DoSFilter.java:487)
	at org.eclipse.jetty.servlets.DoSFilter.doFilter(DoSFilter.java:336)
	at org.eclipse.jetty.servlets.DoSFilter.doFilter(DoSFilter.java:301)
	at org.eclipse.jetty.servlet.FilterHolder.doFilter(FilterHolder.java:193)
	at org.eclipse.jetty.servlet.ServletHandler$Chain.doFilter(ServletHandler.java:1601)
	at org.apache.nifi.web.security.headers.StrictTransportSecurityFilter.doFilter(StrictTransportSecurityFilter.java:48)
	at org.eclipse.jetty.servlet.FilterHolder.doFilter(FilterHolder.java:193)
	at org.eclipse.jetty.servlet.ServletHandler$Chain.doFilter(ServletHandler.java:1601)
	at org.apache.nifi.web.security.headers.XContentTypeOptionsFilter.doFilter(XContentTypeOptionsFilter.java:48)
	at org.eclipse.jetty.servlet.FilterHolder.doFilter(FilterHolder.java:193)
	at org.eclipse.jetty.servlet.ServletHandler$Chain.doFilter(ServletHandler.java:1601)
	at org.apache.nifi.web.security.headers.XSSProtectionFilter.doFilter(XSSProtectionFilter.java:48)
	at org.eclipse.jetty.servlet.FilterHolder.doFilter(FilterHolder.java:193)
	at org.eclipse.jetty.servlet.ServletHandler$Chain.doFilter(ServletHandler.java:1601)
	at org.apache.nifi.web.security.headers.ContentSecurityPolicyFilter.doFilter(ContentSecurityPolicyFilter.java:47)
	at org.eclipse.jetty.servlet.FilterHolder.doFilter(FilterHolder.java:193)
	at org.eclipse.jetty.servlet.ServletHandler$Chain.doFilter(ServletHandler.java:1601)
	at org.apache.nifi.web.security.headers.XFrameOptionsFilter.doFilter(XFrameOptionsFilter.java:48)
	at org.eclipse.jetty.servlet.FilterHolder.doFilter(FilterHolder.java:193)
	at org.eclipse.jetty.servlet.ServletHandler$Chain.doFilter(ServletHandler.java:1601)
	at org.eclipse.jetty.servlet.ServletHandler.doHandle(ServletHandler.java:548)
	at org.eclipse.jetty.server.handler.ScopedHandler.handle(ScopedHandler.java:143)
	at org.eclipse.jetty.security.SecurityHandler.handle(SecurityHandler.java:600)
	at org.eclipse.jetty.server.handler.HandlerWrapper.handle(HandlerWrapper.java:127)
	at org.eclipse.jetty.server.handler.ScopedHandler.nextHandle(ScopedHandler.java:235)
	at org.eclipse.jetty.server.session.SessionHandler.doHandle(SessionHandler.java:1624)
	at org.eclipse.jetty.server.handler.ScopedHandler.nextHandle(ScopedHandler.java:233)
	at org.eclipse.jetty.server.handler.ContextHandler.doHandle(ContextHandler.java:1434)
	at org.eclipse.jetty.server.handler.ScopedHandler.nextScope(ScopedHandler.java:188)
	at org.eclipse.jetty.servlet.ServletHandler.doScope(ServletHandler.java:501)
	at org.eclipse.jetty.server.session.SessionHandler.doScope(SessionHandler.java:1594)
	at org.eclipse.jetty.server.handler.ScopedHandler.nextScope(ScopedHandler.java:186)
	at org.eclipse.jetty.server.handler.ContextHandler.doScope(ContextHandler.java:1349)
	at org.eclipse.jetty.server.handler.ScopedHandler.handle(ScopedHandler.java:141)
	at org.eclipse.jetty.server.handler.HandlerCollection.handle(HandlerCollection.java:146)
	at org.eclipse.jetty.server.handler.gzip.GzipHandler.handle(GzipHandler.java:763)
	at org.eclipse.jetty.server.handler.ContextHandlerCollection.handle(ContextHandlerCollection.java:191)
	at org.eclipse.jetty.server.handler.HandlerList.handle(HandlerList.java:59)
	at org.eclipse.jetty.server.handler.HandlerWrapper.handle(HandlerWrapper.java:127)
	at org.eclipse.jetty.server.Server.handle(Server.java:516)
	at org.eclipse.jetty.server.HttpChannel.lambda$handle$1(HttpChannel.java:400)
	at org.eclipse.jetty.server.HttpChannel.dispatch(HttpChannel.java:645)
	at org.eclipse.jetty.server.HttpChannel.handle(HttpChannel.java:392)
	at org.eclipse.jetty.server.HttpConnection.onFillable(HttpConnection.java:277)
	at org.eclipse.jetty.io.AbstractConnection$ReadCallback.succeeded(AbstractConnection.java:311)
	at org.eclipse.jetty.io.FillInterest.fillable(FillInterest.java:105)
	at org.eclipse.jetty.io.ssl.SslConnection$DecryptedEndPoint.onFillable(SslConnection.java:555)
	at org.eclipse.jetty.io.ssl.SslConnection.onFillable(SslConnection.java:410)
	at org.eclipse.jetty.io.ssl.SslConnection$2.succeeded(SslConnection.java:164)
	at org.eclipse.jetty.io.FillInterest.fillable(FillInterest.java:105)
	at org.eclipse.jetty.io.ChannelEndPoint$1.run(ChannelEndPoint.java:104)
	at org.eclipse.jetty.util.thread.strategy.EatWhatYouKill.runTask(EatWhatYouKill.java:338)
	at org.eclipse.jetty.util.thread.strategy.EatWhatYouKill.doProduce(EatWhatYouKill.java:315)
	at org.eclipse.jetty.util.thread.strategy.EatWhatYouKill.tryProduce(EatWhatYouKill.java:173)
	at org.eclipse.jetty.util.thread.strategy.EatWhatYouKill.run(EatWhatYouKill.java:131)
	at org.eclipse.jetty.util.thread.ReservedThreadExecutor$ReservedThread.run(ReservedThreadExecutor.java:409)
	at org.eclipse.jetty.util.thread.QueuedThreadPool.runJob(QueuedThreadPool.java:883)
	at org.eclipse.jetty.util.thread.QueuedThreadPool$Runner.run(QueuedThreadPool.java:1034)
	at java.lang.Thread.run(Thread.java:750)
Caused by: org.springframework.security.oauth2.jwt.BadJwtException: An error occurred while attempting to decode the Jwt: Signed JWT rejected: Another algorithm expected, or no matching key(s) found
	at org.springframework.security.oauth2.jwt.NimbusJwtDecoder.createJwt(NimbusJwtDecoder.java:180)
	at org.springframework.security.oauth2.jwt.NimbusJwtDecoder.decode(NimbusJwtDecoder.java:137)
	at org.springframework.security.oauth2.server.resource.authentication.JwtAuthenticationProvider.getJwt(JwtAuthenticationProvider.java:97)
	... 105 common frames omitted
Caused by: com.nimbusds.jose.proc.BadJOSEException: Signed JWT rejected: Another algorithm expected, or no matching key(s) found
	at com.nimbusds.jwt.proc.DefaultJWTProcessor.process(DefaultJWTProcessor.java:357)
	at com.nimbusds.jwt.proc.DefaultJWTProcessor.process(DefaultJWTProcessor.java:303)
	at org.springframework.security.oauth2.jwt.NimbusJwtDecoder.createJwt(NimbusJwtDecoder.java:154)
	... 107 common frames omitted
2025-04-11 12:38:39,422 WARN [NiFi Web Server-28] o.a.n.w.a.c.IllegalStateExceptionMapper java.lang.IllegalStateException: 66b53288-99b3-310f-7774-1c12ffe8571e is the destination of another component. Returning Conflict response.
java.lang.IllegalStateException: 66b53288-99b3-310f-7774-1c12ffe8571e is the destination of another component
	at org.apache.nifi.controller.StandardProcessorNode.verifyCanDelete(StandardProcessorNode.java:1314)
	at org.apache.nifi.controller.StandardProcessorNode.verifyCanDelete(StandardProcessorNode.java:1294)
	at org.apache.nifi.web.dao.impl.StandardProcessorDAO.verifyDelete(StandardProcessorDAO.java:560)
	at org.apache.nifi.web.dao.impl.StandardProcessorDAO$$FastClassBySpringCGLIB$$779e089b.invoke(<generated>)
	at org.springframework.cglib.proxy.MethodProxy.invoke(MethodProxy.java:218)
	at org.springframework.aop.framework.CglibAopProxy$CglibMethodInvocation.invokeJoinpoint(CglibAopProxy.java:783)
	at org.springframework.aop.framework.ReflectiveMethodInvocation.proceed(ReflectiveMethodInvocation.java:163)
	at org.springframework.aop.framework.CglibAopProxy$CglibMethodInvocation.proceed(CglibAopProxy.java:753)
	at org.springframework.aop.interceptor.ExposeInvocationInterceptor.invoke(ExposeInvocationInterceptor.java:97)
	at org.springframework.aop.framework.ReflectiveMethodInvocation.proceed(ReflectiveMethodInvocation.java:186)
	at org.springframework.aop.framework.CglibAopProxy$CglibMethodInvocation.proceed(CglibAopProxy.java:753)
	at org.springframework.aop.framework.CglibAopProxy$DynamicAdvisedInterceptor.intercept(CglibAopProxy.java:698)
	at org.apache.nifi.web.dao.impl.StandardProcessorDAO$$EnhancerBySpringCGLIB$$ee974935.verifyDelete(<generated>)
	at org.apache.nifi.web.StandardNiFiServiceFacade.verifyDeleteProcessor(StandardNiFiServiceFacade.java:577)
	at org.apache.nifi.web.StandardNiFiServiceFacade$$FastClassBySpringCGLIB$$358780e0.invoke(<generated>)
	at org.springframework.cglib.proxy.MethodProxy.invoke(MethodProxy.java:218)
	at org.springframework.aop.framework.CglibAopProxy$CglibMethodInvocation.invokeJoinpoint(CglibAopProxy.java:783)
	at org.springframework.aop.framework.ReflectiveMethodInvocation.proceed(ReflectiveMethodInvocation.java:163)
	at org.springframework.aop.framework.CglibAopProxy$CglibMethodInvocation.proceed(CglibAopProxy.java:753)
	at org.springframework.aop.aspectj.MethodInvocationProceedingJoinPoint.proceed(MethodInvocationProceedingJoinPoint.java:89)
	at org.apache.nifi.web.NiFiServiceFacadeLock.proceedWithReadLock(NiFiServiceFacadeLock.java:161)
	at org.apache.nifi.web.NiFiServiceFacadeLock.verifyLock(NiFiServiceFacadeLock.java:138)
	at sun.reflect.NativeMethodAccessorImpl.invoke0(Native Method)
	at sun.reflect.NativeMethodAccessorImpl.invoke(NativeMethodAccessorImpl.java:62)
	at sun.reflect.DelegatingMethodAccessorImpl.invoke(DelegatingMethodAccessorImpl.java:43)
	at java.lang.reflect.Method.invoke(Method.java:498)
	at org.springframework.aop.aspectj.AbstractAspectJAdvice.invokeAdviceMethodWithGivenArgs(AbstractAspectJAdvice.java:634)
	at org.springframework.aop.aspectj.AbstractAspectJAdvice.invokeAdviceMethod(AbstractAspectJAdvice.java:624)
	at org.springframework.aop.aspectj.AspectJAroundAdvice.invoke(AspectJAroundAdvice.java:72)
	at org.springframework.aop.framework.ReflectiveMethodInvocation.proceed(ReflectiveMethodInvocation.java:186)
	at org.springframework.aop.framework.CglibAopProxy$CglibMethodInvocation.proceed(CglibAopProxy.java:753)
	at org.springframework.aop.interceptor.ExposeInvocationInterceptor.invoke(ExposeInvocationInterceptor.java:97)
	at org.springframework.aop.framework.ReflectiveMethodInvocation.proceed(ReflectiveMethodInvocation.java:186)
	at org.springframework.aop.framework.CglibAopProxy$CglibMethodInvocation.proceed(CglibAopProxy.java:753)
	at org.springframework.aop.framework.CglibAopProxy$DynamicAdvisedInterceptor.intercept(CglibAopProxy.java:698)
	at org.apache.nifi.web.StandardNiFiServiceFacade$$EnhancerBySpringCGLIB$$ab7f4a85.verifyDeleteProcessor(<generated>)
	at org.apache.nifi.web.api.ProcessorResource.lambda$deleteProcessor$22(ProcessorResource.java:956)
	at org.apache.nifi.web.api.ApplicationResource.withWriteLock(ApplicationResource.java:609)
	at org.apache.nifi.web.api.ProcessorResource.deleteProcessor(ProcessorResource.java:940)
	at sun.reflect.NativeMethodAccessorImpl.invoke0(Native Method)
	at sun.reflect.NativeMethodAccessorImpl.invoke(NativeMethodAccessorImpl.java:62)
	at sun.reflect.DelegatingMethodAccessorImpl.invoke(DelegatingMethodAccessorImpl.java:43)
	at java.lang.reflect.Method.invoke(Method.java:498)
	at org.glassfish.jersey.server.model.internal.ResourceMethodInvocationHandlerFactory.lambda$static$0(ResourceMethodInvocationHandlerFactory.java:52)
	at org.glassfish.jersey.server.model.internal.AbstractJavaResourceMethodDispatcher$1.run(AbstractJavaResourceMethodDispatcher.java:124)
	at org.glassfish.jersey.server.model.internal.AbstractJavaResourceMethodDispatcher.invoke(AbstractJavaResourceMethodDispatcher.java:167)
	at org.glassfish.jersey.server.model.internal.JavaResourceMethodDispatcherProvider$ResponseOutInvoker.doDispatch(JavaResourceMethodDispatcherProvider.java:176)
	at org.glassfish.jersey.server.model.internal.AbstractJavaResourceMethodDispatcher.dispatch(AbstractJavaResourceMethodDispatcher.java:79)
	at org.glassfish.jersey.server.model.ResourceMethodInvoker.invoke(ResourceMethodInvoker.java:475)
	at org.glassfish.jersey.server.model.ResourceMethodInvoker.apply(ResourceMethodInvoker.java:397)
	at org.glassfish.jersey.server.model.ResourceMethodInvoker.apply(ResourceMethodInvoker.java:81)
	at org.glassfish.jersey.server.ServerRuntime$1.run(ServerRuntime.java:255)
	at org.glassfish.jersey.internal.Errors$1.call(Errors.java:248)
	at org.glassfish.jersey.internal.Errors$1.call(Errors.java:244)
	at org.glassfish.jersey.internal.Errors.process(Errors.java:292)
	at org.glassfish.jersey.internal.Errors.process(Errors.java:274)
	at org.glassfish.jersey.internal.Errors.process(Errors.java:244)
	at org.glassfish.jersey.process.internal.RequestScope.runInScope(RequestScope.java:265)
	at org.glassfish.jersey.server.ServerRuntime.process(ServerRuntime.java:234)
	at org.glassfish.jersey.server.ApplicationHandler.handle(ApplicationHandler.java:680)
	at org.glassfish.jersey.servlet.WebComponent.serviceImpl(WebComponent.java:394)
	at org.glassfish.jersey.servlet.WebComponent.service(WebComponent.java:346)
	at org.glassfish.jersey.servlet.ServletContainer.service(ServletContainer.java:366)
	at org.glassfish.jersey.servlet.ServletContainer.service(ServletContainer.java:319)
	at org.glassfish.jersey.servlet.ServletContainer.service(ServletContainer.java:205)
	at org.eclipse.jetty.servlet.ServletHolder$NotAsync.service(ServletHolder.java:1459)
	at org.eclipse.jetty.servlet.ServletHolder.handle(ServletHolder.java:799)
	at org.eclipse.jetty.servlet.ServletHandler$ChainEnd.doFilter(ServletHandler.java:1631)
	at org.apache.nifi.web.filter.RequestLogger.doFilter(RequestLogger.java:66)
	at org.eclipse.jetty.servlet.FilterHolder.doFilter(FilterHolder.java:193)
	at org.eclipse.jetty.servlet.ServletHandler$Chain.doFilter(ServletHandler.java:1601)
	at org.springframework.security.web.FilterChainProxy$VirtualFilterChain.doFilter(FilterChainProxy.java:327)
	at org.springframework.security.web.access.intercept.FilterSecurityInterceptor.invoke(FilterSecurityInterceptor.java:115)
	at org.springframework.security.web.access.intercept.FilterSecurityInterceptor.doFilter(FilterSecurityInterceptor.java:81)
	at org.springframework.security.web.FilterChainProxy$VirtualFilterChain.doFilter(FilterChainProxy.java:336)
	at org.springframework.security.web.session.SessionManagementFilter.doFilter(SessionManagementFilter.java:126)
	at org.springframework.security.web.session.SessionManagementFilter.doFilter(SessionManagementFilter.java:81)
	at org.springframework.security.web.FilterChainProxy$VirtualFilterChain.doFilter(FilterChainProxy.java:336)
	at org.apache.nifi.web.security.NiFiAuthenticationFilter.doFilter(NiFiAuthenticationFilter.java:58)
	at org.springframework.security.web.FilterChainProxy$VirtualFilterChain.doFilter(FilterChainProxy.java:336)
	at org.apache.nifi.web.security.NiFiAuthenticationFilter.doFilter(NiFiAuthenticationFilter.java:58)
	at org.springframework.security.web.FilterChainProxy$VirtualFilterChain.doFilter(FilterChainProxy.java:336)
	at org.springframework.security.oauth2.server.resource.web.BearerTokenAuthenticationFilter.doFilterInternal(BearerTokenAuthenticationFilter.java:137)
	at org.springframework.web.filter.OncePerRequestFilter.doFilter(OncePerRequestFilter.java:119)
	at org.springframework.security.web.FilterChainProxy$VirtualFilterChain.doFilter(FilterChainProxy.java:336)
	at org.apache.nifi.web.security.NiFiAuthenticationFilter.authenticate(NiFiAuthenticationFilter.java:94)
	at org.apache.nifi.web.security.NiFiAuthenticationFilter.doFilter(NiFiAuthenticationFilter.java:56)
	at org.springframework.security.web.FilterChainProxy$VirtualFilterChain.doFilter(FilterChainProxy.java:336)
	at org.springframework.security.web.csrf.CsrfFilter.doFilterInternal(CsrfFilter.java:132)
	at org.springframework.web.filter.OncePerRequestFilter.doFilter(OncePerRequestFilter.java:119)
	at org.springframework.security.web.FilterChainProxy$VirtualFilterChain.doFilter(FilterChainProxy.java:336)
	at org.springframework.security.web.FilterChainProxy.doFilterInternal(FilterChainProxy.java:211)
	at org.springframework.security.web.FilterChainProxy.doFilter(FilterChainProxy.java:183)
	at org.springframework.web.filter.DelegatingFilterProxy.invokeDelegate(DelegatingFilterProxy.java:358)
	at org.springframework.web.filter.DelegatingFilterProxy.doFilter(DelegatingFilterProxy.java:271)
	at org.eclipse.jetty.servlet.FilterHolder.doFilter(FilterHolder.java:193)
	at org.eclipse.jetty.servlet.ServletHandler$Chain.doFilter(ServletHandler.java:1601)
	at org.apache.nifi.web.filter.TimerFilter.doFilter(TimerFilter.java:51)
	at org.eclipse.jetty.servlet.FilterHolder.doFilter(FilterHolder.java:193)
	at org.eclipse.jetty.servlet.ServletHandler$Chain.doFilter(ServletHandler.java:1601)
	at org.apache.nifi.web.filter.ExceptionFilter.doFilter(ExceptionFilter.java:46)
	at org.eclipse.jetty.servlet.FilterHolder.doFilter(FilterHolder.java:201)
	at org.eclipse.jetty.servlet.ServletHandler$Chain.doFilter(ServletHandler.java:1601)
	at org.eclipse.jetty.servlets.DoSFilter.doFilterChain(DoSFilter.java:487)
	at org.eclipse.jetty.servlets.DoSFilter.doFilter(DoSFilter.java:336)
	at org.eclipse.jetty.servlets.DoSFilter.doFilter(DoSFilter.java:301)
	at org.eclipse.jetty.servlet.FilterHolder.doFilter(FilterHolder.java:193)
	at org.eclipse.jetty.servlet.ServletHandler$Chain.doFilter(ServletHandler.java:1601)
	at org.apache.nifi.web.security.headers.StrictTransportSecurityFilter.doFilter(StrictTransportSecurityFilter.java:48)
	at org.eclipse.jetty.servlet.FilterHolder.doFilter(FilterHolder.java:193)
	at org.eclipse.jetty.servlet.ServletHandler$Chain.doFilter(ServletHandler.java:1601)
	at org.apache.nifi.web.security.headers.XContentTypeOptionsFilter.doFilter(XContentTypeOptionsFilter.java:48)
	at org.eclipse.jetty.servlet.FilterHolder.doFilter(FilterHolder.java:193)
	at org.eclipse.jetty.servlet.ServletHandler$Chain.doFilter(ServletHandler.java:1601)
	at org.apache.nifi.web.security.headers.XSSProtectionFilter.doFilter(XSSProtectionFilter.java:48)
	at org.eclipse.jetty.servlet.FilterHolder.doFilter(FilterHolder.java:193)
	at org.eclipse.jetty.servlet.ServletHandler$Chain.doFilter(ServletHandler.java:1601)
	at org.apache.nifi.web.security.headers.ContentSecurityPolicyFilter.doFilter(ContentSecurityPolicyFilter.java:47)
	at org.eclipse.jetty.servlet.FilterHolder.doFilter(FilterHolder.java:193)
	at org.eclipse.jetty.servlet.ServletHandler$Chain.doFilter(ServletHandler.java:1601)
	at org.apache.nifi.web.security.headers.XFrameOptionsFilter.doFilter(XFrameOptionsFilter.java:48)
	at org.eclipse.jetty.servlet.FilterHolder.doFilter(FilterHolder.java:193)
	at org.eclipse.jetty.servlet.ServletHandler$Chain.doFilter(ServletHandler.java:1601)
	at org.eclipse.jetty.servlet.ServletHandler.doHandle(ServletHandler.java:548)
	at org.eclipse.jetty.server.handler.ScopedHandler.handle(ScopedHandler.java:143)
	at org.eclipse.jetty.security.SecurityHandler.handle(SecurityHandler.java:600)
	at org.eclipse.jetty.server.handler.HandlerWrapper.handle(HandlerWrapper.java:127)
	at org.eclipse.jetty.server.handler.ScopedHandler.nextHandle(ScopedHandler.java:235)
	at org.eclipse.jetty.server.session.SessionHandler.doHandle(SessionHandler.java:1624)
	at org.eclipse.jetty.server.handler.ScopedHandler.nextHandle(ScopedHandler.java:233)
	at org.eclipse.jetty.server.handler.ContextHandler.doHandle(ContextHandler.java:1434)
	at org.eclipse.jetty.server.handler.ScopedHandler.nextScope(ScopedHandler.java:188)
	at org.eclipse.jetty.servlet.ServletHandler.doScope(ServletHandler.java:501)
	at org.eclipse.jetty.server.session.SessionHandler.doScope(SessionHandler.java:1594)
	at org.eclipse.jetty.server.handler.ScopedHandler.nextScope(ScopedHandler.java:186)
	at org.eclipse.jetty.server.handler.ContextHandler.doScope(ContextHandler.java:1349)
	at org.eclipse.jetty.server.handler.ScopedHandler.handle(ScopedHandler.java:141)
	at org.eclipse.jetty.server.handler.HandlerCollection.handle(HandlerCollection.java:146)
	at org.eclipse.jetty.server.handler.gzip.GzipHandler.handle(GzipHandler.java:763)
	at org.eclipse.jetty.server.handler.ContextHandlerCollection.handle(ContextHandlerCollection.java:191)
	at org.eclipse.jetty.server.handler.HandlerList.handle(HandlerList.java:59)
	at org.eclipse.jetty.server.handler.HandlerWrapper.handle(HandlerWrapper.java:127)
	at org.eclipse.jetty.server.Server.handle(Server.java:516)
	at org.eclipse.jetty.server.HttpChannel.lambda$handle$1(HttpChannel.java:400)
	at org.eclipse.jetty.server.HttpChannel.dispatch(HttpChannel.java:645)
	at org.eclipse.jetty.server.HttpChannel.handle(HttpChannel.java:392)
	at org.eclipse.jetty.server.HttpConnection.onFillable(HttpConnection.java:277)
	at org.eclipse.jetty.io.AbstractConnection$ReadCallback.succeeded(AbstractConnection.java:311)
	at org.eclipse.jetty.io.FillInterest.fillable(FillInterest.java:105)
	at org.eclipse.jetty.io.ssl.SslConnection$DecryptedEndPoint.onFillable(SslConnection.java:555)
	at org.eclipse.jetty.io.ssl.SslConnection.onFillable(SslConnection.java:410)
	at org.eclipse.jetty.io.ssl.SslConnection$2.succeeded(SslConnection.java:164)
	at org.eclipse.jetty.io.FillInterest.fillable(FillInterest.java:105)
	at org.eclipse.jetty.io.ChannelEndPoint$1.run(ChannelEndPoint.java:104)
	at org.eclipse.jetty.util.thread.strategy.EatWhatYouKill.runTask(EatWhatYouKill.java:338)
	at org.eclipse.jetty.util.thread.strategy.EatWhatYouKill.doProduce(EatWhatYouKill.java:315)
	at org.eclipse.jetty.util.thread.strategy.EatWhatYouKill.tryProduce(EatWhatYouKill.java:173)
	at org.eclipse.jetty.util.thread.strategy.EatWhatYouKill.run(EatWhatYouKill.java:131)
	at org.eclipse.jetty.util.thread.ReservedThreadExecutor$ReservedThread.run(ReservedThreadExecutor.java:409)
	at org.eclipse.jetty.util.thread.QueuedThreadPool.runJob(QueuedThreadPool.java:883)
	at org.eclipse.jetty.util.thread.QueuedThreadPool$Runner.run(QueuedThreadPool.java:1034)
	at java.lang.Thread.run(Thread.java:750)
2025-04-11 12:43:57,854 WARN [NiFi Web Server-88] o.a.n.w.a.c.IllegalStateExceptionMapper java.lang.IllegalStateException: 24dcdd49-0196-1000-af22-0519e6fca1f9 is the destination of another component. Returning Conflict response.
java.lang.IllegalStateException: 24dcdd49-0196-1000-af22-0519e6fca1f9 is the destination of another component
	at org.apache.nifi.controller.StandardProcessorNode.verifyCanDelete(StandardProcessorNode.java:1314)
	at org.apache.nifi.controller.StandardProcessorNode.verifyCanDelete(StandardProcessorNode.java:1294)
	at org.apache.nifi.web.dao.impl.StandardProcessorDAO.verifyDelete(StandardProcessorDAO.java:560)
	at org.apache.nifi.web.dao.impl.StandardProcessorDAO$$FastClassBySpringCGLIB$$779e089b.invoke(<generated>)
	at org.springframework.cglib.proxy.MethodProxy.invoke(MethodProxy.java:218)
	at org.springframework.aop.framework.CglibAopProxy$CglibMethodInvocation.invokeJoinpoint(CglibAopProxy.java:783)
	at org.springframework.aop.framework.ReflectiveMethodInvocation.proceed(ReflectiveMethodInvocation.java:163)
	at org.springframework.aop.framework.CglibAopProxy$CglibMethodInvocation.proceed(CglibAopProxy.java:753)
	at org.springframework.aop.interceptor.ExposeInvocationInterceptor.invoke(ExposeInvocationInterceptor.java:97)
	at org.springframework.aop.framework.ReflectiveMethodInvocation.proceed(ReflectiveMethodInvocation.java:186)
	at org.springframework.aop.framework.CglibAopProxy$CglibMethodInvocation.proceed(CglibAopProxy.java:753)
	at org.springframework.aop.framework.CglibAopProxy$DynamicAdvisedInterceptor.intercept(CglibAopProxy.java:698)
	at org.apache.nifi.web.dao.impl.StandardProcessorDAO$$EnhancerBySpringCGLIB$$ee974935.verifyDelete(<generated>)
	at org.apache.nifi.web.StandardNiFiServiceFacade.verifyDeleteProcessor(StandardNiFiServiceFacade.java:577)
	at org.apache.nifi.web.StandardNiFiServiceFacade$$FastClassBySpringCGLIB$$358780e0.invoke(<generated>)
	at org.springframework.cglib.proxy.MethodProxy.invoke(MethodProxy.java:218)
	at org.springframework.aop.framework.CglibAopProxy$CglibMethodInvocation.invokeJoinpoint(CglibAopProxy.java:783)
	at org.springframework.aop.framework.ReflectiveMethodInvocation.proceed(ReflectiveMethodInvocation.java:163)
	at org.springframework.aop.framework.CglibAopProxy$CglibMethodInvocation.proceed(CglibAopProxy.java:753)
	at org.springframework.aop.aspectj.MethodInvocationProceedingJoinPoint.proceed(MethodInvocationProceedingJoinPoint.java:89)
	at org.apache.nifi.web.NiFiServiceFacadeLock.proceedWithReadLock(NiFiServiceFacadeLock.java:161)
	at org.apache.nifi.web.NiFiServiceFacadeLock.verifyLock(NiFiServiceFacadeLock.java:138)
	at sun.reflect.GeneratedMethodAccessor241.invoke(Unknown Source)
	at sun.reflect.DelegatingMethodAccessorImpl.invoke(DelegatingMethodAccessorImpl.java:43)
	at java.lang.reflect.Method.invoke(Method.java:498)
	at org.springframework.aop.aspectj.AbstractAspectJAdvice.invokeAdviceMethodWithGivenArgs(AbstractAspectJAdvice.java:634)
	at org.springframework.aop.aspectj.AbstractAspectJAdvice.invokeAdviceMethod(AbstractAspectJAdvice.java:624)
	at org.springframework.aop.aspectj.AspectJAroundAdvice.invoke(AspectJAroundAdvice.java:72)
	at org.springframework.aop.framework.ReflectiveMethodInvocation.proceed(ReflectiveMethodInvocation.java:186)
	at org.springframework.aop.framework.CglibAopProxy$CglibMethodInvocation.proceed(CglibAopProxy.java:753)
	at org.springframework.aop.interceptor.ExposeInvocationInterceptor.invoke(ExposeInvocationInterceptor.java:97)
	at org.springframework.aop.framework.ReflectiveMethodInvocation.proceed(ReflectiveMethodInvocation.java:186)
	at org.springframework.aop.framework.CglibAopProxy$CglibMethodInvocation.proceed(CglibAopProxy.java:753)
	at org.springframework.aop.framework.CglibAopProxy$DynamicAdvisedInterceptor.intercept(CglibAopProxy.java:698)
	at org.apache.nifi.web.StandardNiFiServiceFacade$$EnhancerBySpringCGLIB$$ab7f4a85.verifyDeleteProcessor(<generated>)
	at org.apache.nifi.web.api.ProcessorResource.lambda$deleteProcessor$22(ProcessorResource.java:956)
	at org.apache.nifi.web.api.ApplicationResource.withWriteLock(ApplicationResource.java:609)
	at org.apache.nifi.web.api.ProcessorResource.deleteProcessor(ProcessorResource.java:940)
	at sun.reflect.NativeMethodAccessorImpl.invoke0(Native Method)
	at sun.reflect.NativeMethodAccessorImpl.invoke(NativeMethodAccessorImpl.java:62)
	at sun.reflect.DelegatingMethodAccessorImpl.invoke(DelegatingMethodAccessorImpl.java:43)
	at java.lang.reflect.Method.invoke(Method.java:498)
	at org.glassfish.jersey.server.model.internal.ResourceMethodInvocationHandlerFactory.lambda$static$0(ResourceMethodInvocationHandlerFactory.java:52)
	at org.glassfish.jersey.server.model.internal.AbstractJavaResourceMethodDispatcher$1.run(AbstractJavaResourceMethodDispatcher.java:124)
	at org.glassfish.jersey.server.model.internal.AbstractJavaResourceMethodDispatcher.invoke(AbstractJavaResourceMethodDispatcher.java:167)
	at org.glassfish.jersey.server.model.internal.JavaResourceMethodDispatcherProvider$ResponseOutInvoker.doDispatch(JavaResourceMethodDispatcherProvider.java:176)
	at org.glassfish.jersey.server.model.internal.AbstractJavaResourceMethodDispatcher.dispatch(AbstractJavaResourceMethodDispatcher.java:79)
	at org.glassfish.jersey.server.model.ResourceMethodInvoker.invoke(ResourceMethodInvoker.java:475)
	at org.glassfish.jersey.server.model.ResourceMethodInvoker.apply(ResourceMethodInvoker.java:397)
	at org.glassfish.jersey.server.model.ResourceMethodInvoker.apply(ResourceMethodInvoker.java:81)
	at org.glassfish.jersey.server.ServerRuntime$1.run(ServerRuntime.java:255)
	at org.glassfish.jersey.internal.Errors$1.call(Errors.java:248)
	at org.glassfish.jersey.internal.Errors$1.call(Errors.java:244)
	at org.glassfish.jersey.internal.Errors.process(Errors.java:292)
	at org.glassfish.jersey.internal.Errors.process(Errors.java:274)
	at org.glassfish.jersey.internal.Errors.process(Errors.java:244)
	at org.glassfish.jersey.process.internal.RequestScope.runInScope(RequestScope.java:265)
	at org.glassfish.jersey.server.ServerRuntime.process(ServerRuntime.java:234)
	at org.glassfish.jersey.server.ApplicationHandler.handle(ApplicationHandler.java:680)
	at org.glassfish.jersey.servlet.WebComponent.serviceImpl(WebComponent.java:394)
	at org.glassfish.jersey.servlet.WebComponent.service(WebComponent.java:346)
	at org.glassfish.jersey.servlet.ServletContainer.service(ServletContainer.java:366)
	at org.glassfish.jersey.servlet.ServletContainer.service(ServletContainer.java:319)
	at org.glassfish.jersey.servlet.ServletContainer.service(ServletContainer.java:205)
	at org.eclipse.jetty.servlet.ServletHolder$NotAsync.service(ServletHolder.java:1459)
	at org.eclipse.jetty.servlet.ServletHolder.handle(ServletHolder.java:799)
	at org.eclipse.jetty.servlet.ServletHandler$ChainEnd.doFilter(ServletHandler.java:1631)
	at org.apache.nifi.web.filter.RequestLogger.doFilter(RequestLogger.java:66)
	at org.eclipse.jetty.servlet.FilterHolder.doFilter(FilterHolder.java:193)
	at org.eclipse.jetty.servlet.ServletHandler$Chain.doFilter(ServletHandler.java:1601)
	at org.springframework.security.web.FilterChainProxy$VirtualFilterChain.doFilter(FilterChainProxy.java:327)
	at org.springframework.security.web.access.intercept.FilterSecurityInterceptor.invoke(FilterSecurityInterceptor.java:115)
	at org.springframework.security.web.access.intercept.FilterSecurityInterceptor.doFilter(FilterSecurityInterceptor.java:81)
	at org.springframework.security.web.FilterChainProxy$VirtualFilterChain.doFilter(FilterChainProxy.java:336)
	at org.springframework.security.web.session.SessionManagementFilter.doFilter(SessionManagementFilter.java:126)
	at org.springframework.security.web.session.SessionManagementFilter.doFilter(SessionManagementFilter.java:81)
	at org.springframework.security.web.FilterChainProxy$VirtualFilterChain.doFilter(FilterChainProxy.java:336)
	at org.apache.nifi.web.security.NiFiAuthenticationFilter.doFilter(NiFiAuthenticationFilter.java:58)
	at org.springframework.security.web.FilterChainProxy$VirtualFilterChain.doFilter(FilterChainProxy.java:336)
	at org.apache.nifi.web.security.NiFiAuthenticationFilter.doFilter(NiFiAuthenticationFilter.java:58)
	at org.springframework.security.web.FilterChainProxy$VirtualFilterChain.doFilter(FilterChainProxy.java:336)
	at org.springframework.security.oauth2.server.resource.web.BearerTokenAuthenticationFilter.doFilterInternal(BearerTokenAuthenticationFilter.java:137)
	at org.springframework.web.filter.OncePerRequestFilter.doFilter(OncePerRequestFilter.java:119)
	at org.springframework.security.web.FilterChainProxy$VirtualFilterChain.doFilter(FilterChainProxy.java:336)
	at org.apache.nifi.web.security.NiFiAuthenticationFilter.authenticate(NiFiAuthenticationFilter.java:94)
	at org.apache.nifi.web.security.NiFiAuthenticationFilter.doFilter(NiFiAuthenticationFilter.java:56)
	at org.springframework.security.web.FilterChainProxy$VirtualFilterChain.doFilter(FilterChainProxy.java:336)
	at org.springframework.security.web.csrf.CsrfFilter.doFilterInternal(CsrfFilter.java:132)
	at org.springframework.web.filter.OncePerRequestFilter.doFilter(OncePerRequestFilter.java:119)
	at org.springframework.security.web.FilterChainProxy$VirtualFilterChain.doFilter(FilterChainProxy.java:336)
	at org.springframework.security.web.FilterChainProxy.doFilterInternal(FilterChainProxy.java:211)
	at org.springframework.security.web.FilterChainProxy.doFilter(FilterChainProxy.java:183)
	at org.springframework.web.filter.DelegatingFilterProxy.invokeDelegate(DelegatingFilterProxy.java:358)
	at org.springframework.web.filter.DelegatingFilterProxy.doFilter(DelegatingFilterProxy.java:271)
	at org.eclipse.jetty.servlet.FilterHolder.doFilter(FilterHolder.java:193)
	at org.eclipse.jetty.servlet.ServletHandler$Chain.doFilter(ServletHandler.java:1601)
	at org.apache.nifi.web.filter.TimerFilter.doFilter(TimerFilter.java:51)
	at org.eclipse.jetty.servlet.FilterHolder.doFilter(FilterHolder.java:193)
	at org.eclipse.jetty.servlet.ServletHandler$Chain.doFilter(ServletHandler.java:1601)
	at org.apache.nifi.web.filter.ExceptionFilter.doFilter(ExceptionFilter.java:46)
	at org.eclipse.jetty.servlet.FilterHolder.doFilter(FilterHolder.java:201)
	at org.eclipse.jetty.servlet.ServletHandler$Chain.doFilter(ServletHandler.java:1601)
	at org.eclipse.jetty.servlets.DoSFilter.doFilterChain(DoSFilter.java:487)
	at org.eclipse.jetty.servlets.DoSFilter.doFilter(DoSFilter.java:336)
	at org.eclipse.jetty.servlets.DoSFilter.doFilter(DoSFilter.java:301)
	at org.eclipse.jetty.servlet.FilterHolder.doFilter(FilterHolder.java:193)
	at org.eclipse.jetty.servlet.ServletHandler$Chain.doFilter(ServletHandler.java:1601)
	at org.apache.nifi.web.security.headers.StrictTransportSecurityFilter.doFilter(StrictTransportSecurityFilter.java:48)
	at org.eclipse.jetty.servlet.FilterHolder.doFilter(FilterHolder.java:193)
	at org.eclipse.jetty.servlet.ServletHandler$Chain.doFilter(ServletHandler.java:1601)
	at org.apache.nifi.web.security.headers.XContentTypeOptionsFilter.doFilter(XContentTypeOptionsFilter.java:48)
	at org.eclipse.jetty.servlet.FilterHolder.doFilter(FilterHolder.java:193)
	at org.eclipse.jetty.servlet.ServletHandler$Chain.doFilter(ServletHandler.java:1601)
	at org.apache.nifi.web.security.headers.XSSProtectionFilter.doFilter(XSSProtectionFilter.java:48)
	at org.eclipse.jetty.servlet.FilterHolder.doFilter(FilterHolder.java:193)
	at org.eclipse.jetty.servlet.ServletHandler$Chain.doFilter(ServletHandler.java:1601)
	at org.apache.nifi.web.security.headers.ContentSecurityPolicyFilter.doFilter(ContentSecurityPolicyFilter.java:47)
	at org.eclipse.jetty.servlet.FilterHolder.doFilter(FilterHolder.java:193)
	at org.eclipse.jetty.servlet.ServletHandler$Chain.doFilter(ServletHandler.java:1601)
	at org.apache.nifi.web.security.headers.XFrameOptionsFilter.doFilter(XFrameOptionsFilter.java:48)
	at org.eclipse.jetty.servlet.FilterHolder.doFilter(FilterHolder.java:193)
	at org.eclipse.jetty.servlet.ServletHandler$Chain.doFilter(ServletHandler.java:1601)
	at org.eclipse.jetty.servlet.ServletHandler.doHandle(ServletHandler.java:548)
	at org.eclipse.jetty.server.handler.ScopedHandler.handle(ScopedHandler.java:143)
	at org.eclipse.jetty.security.SecurityHandler.handle(SecurityHandler.java:600)
	at org.eclipse.jetty.server.handler.HandlerWrapper.handle(HandlerWrapper.java:127)
	at org.eclipse.jetty.server.handler.ScopedHandler.nextHandle(ScopedHandler.java:235)
	at org.eclipse.jetty.server.session.SessionHandler.doHandle(SessionHandler.java:1624)
	at org.eclipse.jetty.server.handler.ScopedHandler.nextHandle(ScopedHandler.java:233)
	at org.eclipse.jetty.server.handler.ContextHandler.doHandle(ContextHandler.java:1434)
	at org.eclipse.jetty.server.handler.ScopedHandler.nextScope(ScopedHandler.java:188)
	at org.eclipse.jetty.servlet.ServletHandler.doScope(ServletHandler.java:501)
	at org.eclipse.jetty.server.session.SessionHandler.doScope(SessionHandler.java:1594)
	at org.eclipse.jetty.server.handler.ScopedHandler.nextScope(ScopedHandler.java:186)
	at org.eclipse.jetty.server.handler.ContextHandler.doScope(ContextHandler.java:1349)
	at org.eclipse.jetty.server.handler.ScopedHandler.handle(ScopedHandler.java:141)
	at org.eclipse.jetty.server.handler.HandlerCollection.handle(HandlerCollection.java:146)
	at org.eclipse.jetty.server.handler.gzip.GzipHandler.handle(GzipHandler.java:763)
	at org.eclipse.jetty.server.handler.ContextHandlerCollection.handle(ContextHandlerCollection.java:191)
	at org.eclipse.jetty.server.handler.HandlerList.handle(HandlerList.java:59)
	at org.eclipse.jetty.server.handler.HandlerWrapper.handle(HandlerWrapper.java:127)
	at org.eclipse.jetty.server.Server.handle(Server.java:516)
	at org.eclipse.jetty.server.HttpChannel.lambda$handle$1(HttpChannel.java:400)
	at org.eclipse.jetty.server.HttpChannel.dispatch(HttpChannel.java:645)
	at org.eclipse.jetty.server.HttpChannel.handle(HttpChannel.java:392)
	at org.eclipse.jetty.server.HttpConnection.onFillable(HttpConnection.java:277)
	at org.eclipse.jetty.io.AbstractConnection$ReadCallback.succeeded(AbstractConnection.java:311)
	at org.eclipse.jetty.io.FillInterest.fillable(FillInterest.java:105)
	at org.eclipse.jetty.io.ssl.SslConnection$DecryptedEndPoint.onFillable(SslConnection.java:555)
	at org.eclipse.jetty.io.ssl.SslConnection.onFillable(SslConnection.java:410)
	at org.eclipse.jetty.io.ssl.SslConnection$2.succeeded(SslConnection.java:164)
	at org.eclipse.jetty.io.FillInterest.fillable(FillInterest.java:105)
	at org.eclipse.jetty.io.ChannelEndPoint$1.run(ChannelEndPoint.java:104)
	at org.eclipse.jetty.util.thread.strategy.EatWhatYouKill.runTask(EatWhatYouKill.java:338)
	at org.eclipse.jetty.util.thread.strategy.EatWhatYouKill.doProduce(EatWhatYouKill.java:315)
	at org.eclipse.jetty.util.thread.strategy.EatWhatYouKill.tryProduce(EatWhatYouKill.java:173)
	at org.eclipse.jetty.util.thread.strategy.EatWhatYouKill.run(EatWhatYouKill.java:131)
	at org.eclipse.jetty.util.thread.ReservedThreadExecutor$ReservedThread.run(ReservedThreadExecutor.java:409)
	at org.eclipse.jetty.util.thread.QueuedThreadPool.runJob(QueuedThreadPool.java:883)
	at org.eclipse.jetty.util.thread.QueuedThreadPool$Runner.run(QueuedThreadPool.java:1034)
	at java.lang.Thread.run(Thread.java:750)
2025-04-11 12:44:06,315 WARN [NiFi Web Server-88] o.a.n.w.a.c.IllegalStateExceptionMapper java.lang.IllegalStateException: 24dcdd49-0196-1000-af22-0519e6fca1f9 is the destination of another component. Returning Conflict response.
java.lang.IllegalStateException: 24dcdd49-0196-1000-af22-0519e6fca1f9 is the destination of another component
	at org.apache.nifi.controller.StandardProcessorNode.verifyCanDelete(StandardProcessorNode.java:1314)
	at org.apache.nifi.controller.StandardProcessorNode.verifyCanDelete(StandardProcessorNode.java:1294)
	at org.apache.nifi.web.dao.impl.StandardProcessorDAO.verifyDelete(StandardProcessorDAO.java:560)
	at org.apache.nifi.web.dao.impl.StandardProcessorDAO$$FastClassBySpringCGLIB$$779e089b.invoke(<generated>)
	at org.springframework.cglib.proxy.MethodProxy.invoke(MethodProxy.java:218)
	at org.springframework.aop.framework.CglibAopProxy$CglibMethodInvocation.invokeJoinpoint(CglibAopProxy.java:783)
	at org.springframework.aop.framework.ReflectiveMethodInvocation.proceed(ReflectiveMethodInvocation.java:163)
	at org.springframework.aop.framework.CglibAopProxy$CglibMethodInvocation.proceed(CglibAopProxy.java:753)
	at org.springframework.aop.interceptor.ExposeInvocationInterceptor.invoke(ExposeInvocationInterceptor.java:97)
	at org.springframework.aop.framework.ReflectiveMethodInvocation.proceed(ReflectiveMethodInvocation.java:186)
	at org.springframework.aop.framework.CglibAopProxy$CglibMethodInvocation.proceed(CglibAopProxy.java:753)
	at org.springframework.aop.framework.CglibAopProxy$DynamicAdvisedInterceptor.intercept(CglibAopProxy.java:698)
	at org.apache.nifi.web.dao.impl.StandardProcessorDAO$$EnhancerBySpringCGLIB$$ee974935.verifyDelete(<generated>)
	at org.apache.nifi.web.StandardNiFiServiceFacade.verifyDeleteProcessor(StandardNiFiServiceFacade.java:577)
	at org.apache.nifi.web.StandardNiFiServiceFacade$$FastClassBySpringCGLIB$$358780e0.invoke(<generated>)
	at org.springframework.cglib.proxy.MethodProxy.invoke(MethodProxy.java:218)
	at org.springframework.aop.framework.CglibAopProxy$CglibMethodInvocation.invokeJoinpoint(CglibAopProxy.java:783)
	at org.springframework.aop.framework.ReflectiveMethodInvocation.proceed(ReflectiveMethodInvocation.java:163)
	at org.springframework.aop.framework.CglibAopProxy$CglibMethodInvocation.proceed(CglibAopProxy.java:753)
	at org.springframework.aop.aspectj.MethodInvocationProceedingJoinPoint.proceed(MethodInvocationProceedingJoinPoint.java:89)
	at org.apache.nifi.web.NiFiServiceFacadeLock.proceedWithReadLock(NiFiServiceFacadeLock.java:161)
	at org.apache.nifi.web.NiFiServiceFacadeLock.verifyLock(NiFiServiceFacadeLock.java:138)
	at sun.reflect.GeneratedMethodAccessor241.invoke(Unknown Source)
	at sun.reflect.DelegatingMethodAccessorImpl.invoke(DelegatingMethodAccessorImpl.java:43)
	at java.lang.reflect.Method.invoke(Method.java:498)
	at org.springframework.aop.aspectj.AbstractAspectJAdvice.invokeAdviceMethodWithGivenArgs(AbstractAspectJAdvice.java:634)
	at org.springframework.aop.aspectj.AbstractAspectJAdvice.invokeAdviceMethod(AbstractAspectJAdvice.java:624)
	at org.springframework.aop.aspectj.AspectJAroundAdvice.invoke(AspectJAroundAdvice.java:72)
	at org.springframework.aop.framework.ReflectiveMethodInvocation.proceed(ReflectiveMethodInvocation.java:186)
	at org.springframework.aop.framework.CglibAopProxy$CglibMethodInvocation.proceed(CglibAopProxy.java:753)
	at org.springframework.aop.interceptor.ExposeInvocationInterceptor.invoke(ExposeInvocationInterceptor.java:97)
	at org.springframework.aop.framework.ReflectiveMethodInvocation.proceed(ReflectiveMethodInvocation.java:186)
	at org.springframework.aop.framework.CglibAopProxy$CglibMethodInvocation.proceed(CglibAopProxy.java:753)
	at org.springframework.aop.framework.CglibAopProxy$DynamicAdvisedInterceptor.intercept(CglibAopProxy.java:698)
	at org.apache.nifi.web.StandardNiFiServiceFacade$$EnhancerBySpringCGLIB$$ab7f4a85.verifyDeleteProcessor(<generated>)
	at org.apache.nifi.web.api.ProcessorResource.lambda$deleteProcessor$22(ProcessorResource.java:956)
	at org.apache.nifi.web.api.ApplicationResource.withWriteLock(ApplicationResource.java:609)
	at org.apache.nifi.web.api.ProcessorResource.deleteProcessor(ProcessorResource.java:940)
	at sun.reflect.NativeMethodAccessorImpl.invoke0(Native Method)
	at sun.reflect.NativeMethodAccessorImpl.invoke(NativeMethodAccessorImpl.java:62)
	at sun.reflect.DelegatingMethodAccessorImpl.invoke(DelegatingMethodAccessorImpl.java:43)
	at java.lang.reflect.Method.invoke(Method.java:498)
	at org.glassfish.jersey.server.model.internal.ResourceMethodInvocationHandlerFactory.lambda$static$0(ResourceMethodInvocationHandlerFactory.java:52)
	at org.glassfish.jersey.server.model.internal.AbstractJavaResourceMethodDispatcher$1.run(AbstractJavaResourceMethodDispatcher.java:124)
	at org.glassfish.jersey.server.model.internal.AbstractJavaResourceMethodDispatcher.invoke(AbstractJavaResourceMethodDispatcher.java:167)
	at org.glassfish.jersey.server.model.internal.JavaResourceMethodDispatcherProvider$ResponseOutInvoker.doDispatch(JavaResourceMethodDispatcherProvider.java:176)
	at org.glassfish.jersey.server.model.internal.AbstractJavaResourceMethodDispatcher.dispatch(AbstractJavaResourceMethodDispatcher.java:79)
	at org.glassfish.jersey.server.model.ResourceMethodInvoker.invoke(ResourceMethodInvoker.java:475)
	at org.glassfish.jersey.server.model.ResourceMethodInvoker.apply(ResourceMethodInvoker.java:397)
	at org.glassfish.jersey.server.model.ResourceMethodInvoker.apply(ResourceMethodInvoker.java:81)
	at org.glassfish.jersey.server.ServerRuntime$1.run(ServerRuntime.java:255)
	at org.glassfish.jersey.internal.Errors$1.call(Errors.java:248)
	at org.glassfish.jersey.internal.Errors$1.call(Errors.java:244)
	at org.glassfish.jersey.internal.Errors.process(Errors.java:292)
	at org.glassfish.jersey.internal.Errors.process(Errors.java:274)
	at org.glassfish.jersey.internal.Errors.process(Errors.java:244)
	at org.glassfish.jersey.process.internal.RequestScope.runInScope(RequestScope.java:265)
	at org.glassfish.jersey.server.ServerRuntime.process(ServerRuntime.java:234)
	at org.glassfish.jersey.server.ApplicationHandler.handle(ApplicationHandler.java:680)
	at org.glassfish.jersey.servlet.WebComponent.serviceImpl(WebComponent.java:394)
	at org.glassfish.jersey.servlet.WebComponent.service(WebComponent.java:346)
	at org.glassfish.jersey.servlet.ServletContainer.service(ServletContainer.java:366)
	at org.glassfish.jersey.servlet.ServletContainer.service(ServletContainer.java:319)
	at org.glassfish.jersey.servlet.ServletContainer.service(ServletContainer.java:205)
	at org.eclipse.jetty.servlet.ServletHolder$NotAsync.service(ServletHolder.java:1459)
	at org.eclipse.jetty.servlet.ServletHolder.handle(ServletHolder.java:799)
	at org.eclipse.jetty.servlet.ServletHandler$ChainEnd.doFilter(ServletHandler.java:1631)
	at org.apache.nifi.web.filter.RequestLogger.doFilter(RequestLogger.java:66)
	at org.eclipse.jetty.servlet.FilterHolder.doFilter(FilterHolder.java:193)
	at org.eclipse.jetty.servlet.ServletHandler$Chain.doFilter(ServletHandler.java:1601)
	at org.springframework.security.web.FilterChainProxy$VirtualFilterChain.doFilter(FilterChainProxy.java:327)
	at org.springframework.security.web.access.intercept.FilterSecurityInterceptor.invoke(FilterSecurityInterceptor.java:115)
	at org.springframework.security.web.access.intercept.FilterSecurityInterceptor.doFilter(FilterSecurityInterceptor.java:81)
	at org.springframework.security.web.FilterChainProxy$VirtualFilterChain.doFilter(FilterChainProxy.java:336)
	at org.springframework.security.web.session.SessionManagementFilter.doFilter(SessionManagementFilter.java:126)
	at org.springframework.security.web.session.SessionManagementFilter.doFilter(SessionManagementFilter.java:81)
	at org.springframework.security.web.FilterChainProxy$VirtualFilterChain.doFilter(FilterChainProxy.java:336)
	at org.apache.nifi.web.security.NiFiAuthenticationFilter.doFilter(NiFiAuthenticationFilter.java:58)
	at org.springframework.security.web.FilterChainProxy$VirtualFilterChain.doFilter(FilterChainProxy.java:336)
	at org.apache.nifi.web.security.NiFiAuthenticationFilter.doFilter(NiFiAuthenticationFilter.java:58)
	at org.springframework.security.web.FilterChainProxy$VirtualFilterChain.doFilter(FilterChainProxy.java:336)
	at org.springframework.security.oauth2.server.resource.web.BearerTokenAuthenticationFilter.doFilterInternal(BearerTokenAuthenticationFilter.java:137)
	at org.springframework.web.filter.OncePerRequestFilter.doFilter(OncePerRequestFilter.java:119)
	at org.springframework.security.web.FilterChainProxy$VirtualFilterChain.doFilter(FilterChainProxy.java:336)
	at org.apache.nifi.web.security.NiFiAuthenticationFilter.authenticate(NiFiAuthenticationFilter.java:94)
	at org.apache.nifi.web.security.NiFiAuthenticationFilter.doFilter(NiFiAuthenticationFilter.java:56)
	at org.springframework.security.web.FilterChainProxy$VirtualFilterChain.doFilter(FilterChainProxy.java:336)
	at org.springframework.security.web.csrf.CsrfFilter.doFilterInternal(CsrfFilter.java:132)
	at org.springframework.web.filter.OncePerRequestFilter.doFilter(OncePerRequestFilter.java:119)
	at org.springframework.security.web.FilterChainProxy$VirtualFilterChain.doFilter(FilterChainProxy.java:336)
	at org.springframework.security.web.FilterChainProxy.doFilterInternal(FilterChainProxy.java:211)
	at org.springframework.security.web.FilterChainProxy.doFilter(FilterChainProxy.java:183)
	at org.springframework.web.filter.DelegatingFilterProxy.invokeDelegate(DelegatingFilterProxy.java:358)
	at org.springframework.web.filter.DelegatingFilterProxy.doFilter(DelegatingFilterProxy.java:271)
	at org.eclipse.jetty.servlet.FilterHolder.doFilter(FilterHolder.java:193)
	at org.eclipse.jetty.servlet.ServletHandler$Chain.doFilter(ServletHandler.java:1601)
	at org.apache.nifi.web.filter.TimerFilter.doFilter(TimerFilter.java:51)
	at org.eclipse.jetty.servlet.FilterHolder.doFilter(FilterHolder.java:193)
	at org.eclipse.jetty.servlet.ServletHandler$Chain.doFilter(ServletHandler.java:1601)
	at org.apache.nifi.web.filter.ExceptionFilter.doFilter(ExceptionFilter.java:46)
	at org.eclipse.jetty.servlet.FilterHolder.doFilter(FilterHolder.java:201)
	at org.eclipse.jetty.servlet.ServletHandler$Chain.doFilter(ServletHandler.java:1601)
	at org.eclipse.jetty.servlets.DoSFilter.doFilterChain(DoSFilter.java:487)
	at org.eclipse.jetty.servlets.DoSFilter.doFilter(DoSFilter.java:336)
	at org.eclipse.jetty.servlets.DoSFilter.doFilter(DoSFilter.java:301)
	at org.eclipse.jetty.servlet.FilterHolder.doFilter(FilterHolder.java:193)
	at org.eclipse.jetty.servlet.ServletHandler$Chain.doFilter(ServletHandler.java:1601)
	at org.apache.nifi.web.security.headers.StrictTransportSecurityFilter.doFilter(StrictTransportSecurityFilter.java:48)
	at org.eclipse.jetty.servlet.FilterHolder.doFilter(FilterHolder.java:193)
	at org.eclipse.jetty.servlet.ServletHandler$Chain.doFilter(ServletHandler.java:1601)
	at org.apache.nifi.web.security.headers.XContentTypeOptionsFilter.doFilter(XContentTypeOptionsFilter.java:48)
	at org.eclipse.jetty.servlet.FilterHolder.doFilter(FilterHolder.java:193)
	at org.eclipse.jetty.servlet.ServletHandler$Chain.doFilter(ServletHandler.java:1601)
	at org.apache.nifi.web.security.headers.XSSProtectionFilter.doFilter(XSSProtectionFilter.java:48)
	at org.eclipse.jetty.servlet.FilterHolder.doFilter(FilterHolder.java:193)
	at org.eclipse.jetty.servlet.ServletHandler$Chain.doFilter(ServletHandler.java:1601)
	at org.apache.nifi.web.security.headers.ContentSecurityPolicyFilter.doFilter(ContentSecurityPolicyFilter.java:47)
	at org.eclipse.jetty.servlet.FilterHolder.doFilter(FilterHolder.java:193)
	at org.eclipse.jetty.servlet.ServletHandler$Chain.doFilter(ServletHandler.java:1601)
	at org.apache.nifi.web.security.headers.XFrameOptionsFilter.doFilter(XFrameOptionsFilter.java:48)
	at org.eclipse.jetty.servlet.FilterHolder.doFilter(FilterHolder.java:193)
	at org.eclipse.jetty.servlet.ServletHandler$Chain.doFilter(ServletHandler.java:1601)
	at org.eclipse.jetty.servlet.ServletHandler.doHandle(ServletHandler.java:548)
	at org.eclipse.jetty.server.handler.ScopedHandler.handle(ScopedHandler.java:143)
	at org.eclipse.jetty.security.SecurityHandler.handle(SecurityHandler.java:600)
	at org.eclipse.jetty.server.handler.HandlerWrapper.handle(HandlerWrapper.java:127)
	at org.eclipse.jetty.server.handler.ScopedHandler.nextHandle(ScopedHandler.java:235)
	at org.eclipse.jetty.server.session.SessionHandler.doHandle(SessionHandler.java:1624)
	at org.eclipse.jetty.server.handler.ScopedHandler.nextHandle(ScopedHandler.java:233)
	at org.eclipse.jetty.server.handler.ContextHandler.doHandle(ContextHandler.java:1434)
	at org.eclipse.jetty.server.handler.ScopedHandler.nextScope(ScopedHandler.java:188)
	at org.eclipse.jetty.servlet.ServletHandler.doScope(ServletHandler.java:501)
	at org.eclipse.jetty.server.session.SessionHandler.doScope(SessionHandler.java:1594)
	at org.eclipse.jetty.server.handler.ScopedHandler.nextScope(ScopedHandler.java:186)
	at org.eclipse.jetty.server.handler.ContextHandler.doScope(ContextHandler.java:1349)
	at org.eclipse.jetty.server.handler.ScopedHandler.handle(ScopedHandler.java:141)
	at org.eclipse.jetty.server.handler.HandlerCollection.handle(HandlerCollection.java:146)
	at org.eclipse.jetty.server.handler.gzip.GzipHandler.handle(GzipHandler.java:763)
	at org.eclipse.jetty.server.handler.ContextHandlerCollection.handle(ContextHandlerCollection.java:191)
	at org.eclipse.jetty.server.handler.HandlerList.handle(HandlerList.java:59)
	at org.eclipse.jetty.server.handler.HandlerWrapper.handle(HandlerWrapper.java:127)
	at org.eclipse.jetty.server.Server.handle(Server.java:516)
	at org.eclipse.jetty.server.HttpChannel.lambda$handle$1(HttpChannel.java:400)
	at org.eclipse.jetty.server.HttpChannel.dispatch(HttpChannel.java:645)
	at org.eclipse.jetty.server.HttpChannel.handle(HttpChannel.java:392)
	at org.eclipse.jetty.server.HttpConnection.onFillable(HttpConnection.java:277)
	at org.eclipse.jetty.io.AbstractConnection$ReadCallback.succeeded(AbstractConnection.java:311)
	at org.eclipse.jetty.io.FillInterest.fillable(FillInterest.java:105)
	at org.eclipse.jetty.io.ssl.SslConnection$DecryptedEndPoint.onFillable(SslConnection.java:555)
	at org.eclipse.jetty.io.ssl.SslConnection.onFillable(SslConnection.java:410)
	at org.eclipse.jetty.io.ssl.SslConnection$2.succeeded(SslConnection.java:164)
	at org.eclipse.jetty.io.FillInterest.fillable(FillInterest.java:105)
	at org.eclipse.jetty.io.ChannelEndPoint$1.run(ChannelEndPoint.java:104)
	at org.eclipse.jetty.util.thread.strategy.EatWhatYouKill.runTask(EatWhatYouKill.java:338)
	at org.eclipse.jetty.util.thread.strategy.EatWhatYouKill.doProduce(EatWhatYouKill.java:315)
	at org.eclipse.jetty.util.thread.strategy.EatWhatYouKill.tryProduce(EatWhatYouKill.java:173)
	at org.eclipse.jetty.util.thread.strategy.EatWhatYouKill.run(EatWhatYouKill.java:131)
	at org.eclipse.jetty.util.thread.ReservedThreadExecutor$ReservedThread.run(ReservedThreadExecutor.java:409)
	at org.eclipse.jetty.util.thread.QueuedThreadPool.runJob(QueuedThreadPool.java:883)
	at org.eclipse.jetty.util.thread.QueuedThreadPool$Runner.run(QueuedThreadPool.java:1034)
	at java.lang.Thread.run(Thread.java:750)
