2025-05-09 11:26:25,610 INFO [main] o.a.n.b.NotificationServiceManager Successfully loaded the following 0 services: []
2025-05-09 11:26:25,637 INFO [main] org.apache.nifi.bootstrap.RunNiFi Registered no Notification Services for Notification Type NIFI_STARTED
2025-05-09 11:26:25,637 INFO [main] org.apache.nifi.bootstrap.RunNiFi Registered no Notification Services for Notification Type NIFI_STOPPED
2025-05-09 11:26:25,637 INFO [main] org.apache.nifi.bootstrap.RunNiFi Registered no Notification Services for Notification Type NIFI_DIED
2025-05-09 11:26:25,649 INFO [main] org.apache.nifi.bootstrap.RunNiFi Runtime Java version: 1.8.0_322
2025-05-09 11:26:25,681 INFO [main] org.apache.nifi.bootstrap.Command Starting Apache NiFi...
2025-05-09 11:26:25,682 INFO [main] org.apache.nifi.bootstrap.Command Working Directory: /opt/nifi/nifi-current
2025-05-09 11:26:25,682 INFO [main] org.apache.nifi.bootstrap.Command Command: /usr/local/openjdk-8/bin/java -classpath /opt/nifi/nifi-current/./conf:/opt/nifi/nifi-current/./lib/jcl-over-slf4j-1.7.32.jar:/opt/nifi/nifi-current/./lib/logback-core-1.2.10.jar:/opt/nifi/nifi-current/./lib/nifi-server-api-1.15.3.jar:/opt/nifi/nifi-current/./lib/nifi-properties-1.15.3.jar:/opt/nifi/nifi-current/./lib/jetty-schemas-3.1.jar:/opt/nifi/nifi-current/./lib/nifi-stateless-api-1.15.3.jar:/opt/nifi/nifi-current/./lib/javax.servlet-api-3.1.0.jar:/opt/nifi/nifi-current/./lib/nifi-runtime-1.15.3.jar:/opt/nifi/nifi-current/./lib/nifi-stateless-bootstrap-1.15.3.jar:/opt/nifi/nifi-current/./lib/nifi-api-1.15.3.jar:/opt/nifi/nifi-current/./lib/slf4j-api-1.7.32.jar:/opt/nifi/nifi-current/./lib/nifi-nar-utils-1.15.3.jar:/opt/nifi/nifi-current/./lib/logback-classic-1.2.10.jar:/opt/nifi/nifi-current/./lib/nifi-framework-api-1.15.3.jar:/opt/nifi/nifi-current/./lib/jul-to-slf4j-1.7.32.jar:/opt/nifi/nifi-current/./lib/nifi-property-utils-1.15.3.jar:/opt/nifi/nifi-current/./lib/log4j-over-slf4j-1.7.32.jar -Dorg.apache.jasper.compiler.disablejsr199=true -Xmx512m -Xms512m -Dcurator-log-only-first-connection-issue-as-error-level=true -Djavax.security.auth.useSubjectCredsOnly=true -Djava.security.egd=file:/dev/urandom -Dzookeeper.admin.enableServer=false -Dsun.net.http.allowRestrictedHeaders=true -Djava.net.preferIPv4Stack=true -Djava.awt.headless=true -Djava.protocol.handler.pkgs=sun.net.www.protocol -Dnifi.properties.file.path=/opt/nifi/nifi-current/./conf/nifi.properties -Dnifi.bootstrap.listen.port=41067 -Dapp=NiFi -Dorg.apache.nifi.bootstrap.config.log.dir=/opt/nifi/nifi-current/logs org.apache.nifi.NiFi 
2025-05-09 11:26:25,717 INFO [main] org.apache.nifi.bootstrap.Command Launched Apache NiFi with Process ID 108
2025-05-09 11:26:26,757 INFO [NiFi Bootstrap Command Listener] org.apache.nifi.bootstrap.RunNiFi Apache NiFi now running and listening for Bootstrap requests on port 39725
2025-05-09 11:27:51,470 INFO [main] o.a.n.b.NotificationServiceManager Successfully loaded the following 0 services: []
2025-05-09 11:27:51,477 INFO [main] org.apache.nifi.bootstrap.RunNiFi Registered no Notification Services for Notification Type NIFI_STARTED
2025-05-09 11:27:51,478 INFO [main] org.apache.nifi.bootstrap.RunNiFi Registered no Notification Services for Notification Type NIFI_STOPPED
2025-05-09 11:27:51,478 INFO [main] org.apache.nifi.bootstrap.RunNiFi Registered no Notification Services for Notification Type NIFI_DIED
2025-05-09 11:27:51,719 INFO [main] org.apache.nifi.bootstrap.Command Apache NiFi has accepted the Shutdown Command and is shutting down now
2025-05-09 11:27:51,740 INFO [main] org.apache.nifi.bootstrap.Command Waiting for Apache NiFi to finish shutting down...
2025-05-09 11:27:53,743 INFO [main] org.apache.nifi.bootstrap.Command NiFi has finished shutting down.
2025-05-09 11:27:53,753 INFO [main] org.apache.nifi.bootstrap.RunNiFi Status File no longer exists. Will not restart NiFi
2025-05-09 11:28:47,755 INFO [main] o.a.n.b.NotificationServiceManager Successfully loaded the following 0 services: []
2025-05-09 11:28:47,777 INFO [main] org.apache.nifi.bootstrap.RunNiFi Registered no Notification Services for Notification Type NIFI_STARTED
2025-05-09 11:28:47,778 INFO [main] org.apache.nifi.bootstrap.RunNiFi Registered no Notification Services for Notification Type NIFI_STOPPED
2025-05-09 11:28:47,778 INFO [main] org.apache.nifi.bootstrap.RunNiFi Registered no Notification Services for Notification Type NIFI_DIED
2025-05-09 11:28:47,795 INFO [main] org.apache.nifi.bootstrap.RunNiFi Runtime Java version: 1.8.0_322
2025-05-09 11:28:47,827 INFO [main] org.apache.nifi.bootstrap.Command Starting Apache NiFi...
2025-05-09 11:28:47,829 INFO [main] org.apache.nifi.bootstrap.Command Working Directory: /opt/nifi/nifi-current
2025-05-09 11:28:47,830 INFO [main] org.apache.nifi.bootstrap.Command Command: /usr/local/openjdk-8/bin/java -classpath /opt/nifi/nifi-current/./conf:/opt/nifi/nifi-current/./lib/jcl-over-slf4j-1.7.32.jar:/opt/nifi/nifi-current/./lib/logback-core-1.2.10.jar:/opt/nifi/nifi-current/./lib/nifi-server-api-1.15.3.jar:/opt/nifi/nifi-current/./lib/nifi-properties-1.15.3.jar:/opt/nifi/nifi-current/./lib/jetty-schemas-3.1.jar:/opt/nifi/nifi-current/./lib/nifi-stateless-api-1.15.3.jar:/opt/nifi/nifi-current/./lib/javax.servlet-api-3.1.0.jar:/opt/nifi/nifi-current/./lib/nifi-runtime-1.15.3.jar:/opt/nifi/nifi-current/./lib/nifi-stateless-bootstrap-1.15.3.jar:/opt/nifi/nifi-current/./lib/nifi-api-1.15.3.jar:/opt/nifi/nifi-current/./lib/slf4j-api-1.7.32.jar:/opt/nifi/nifi-current/./lib/nifi-nar-utils-1.15.3.jar:/opt/nifi/nifi-current/./lib/logback-classic-1.2.10.jar:/opt/nifi/nifi-current/./lib/nifi-framework-api-1.15.3.jar:/opt/nifi/nifi-current/./lib/jul-to-slf4j-1.7.32.jar:/opt/nifi/nifi-current/./lib/nifi-property-utils-1.15.3.jar:/opt/nifi/nifi-current/./lib/log4j-over-slf4j-1.7.32.jar -Dorg.apache.jasper.compiler.disablejsr199=true -Xmx512m -Xms512m -Dcurator-log-only-first-connection-issue-as-error-level=true -Djavax.security.auth.useSubjectCredsOnly=true -Djava.security.egd=file:/dev/urandom -Dzookeeper.admin.enableServer=false -Dsun.net.http.allowRestrictedHeaders=true -Djava.net.preferIPv4Stack=true -Djava.awt.headless=true -Djava.protocol.handler.pkgs=sun.net.www.protocol -Dnifi.properties.file.path=/opt/nifi/nifi-current/./conf/nifi.properties -Dnifi.bootstrap.listen.port=43023 -Dapp=NiFi -Dorg.apache.nifi.bootstrap.config.log.dir=/opt/nifi/nifi-current/logs org.apache.nifi.NiFi 
2025-05-09 11:28:47,871 INFO [main] org.apache.nifi.bootstrap.Command Launched Apache NiFi with Process ID 107
2025-05-09 11:28:48,888 INFO [NiFi Bootstrap Command Listener] org.apache.nifi.bootstrap.RunNiFi Apache NiFi now running and listening for Bootstrap requests on port 33033
2025-05-09 11:39:58,612 INFO [main] o.a.n.b.NotificationServiceManager Successfully loaded the following 0 services: []
2025-05-09 11:39:58,621 INFO [main] org.apache.nifi.bootstrap.RunNiFi Registered no Notification Services for Notification Type NIFI_STARTED
2025-05-09 11:39:58,622 INFO [main] org.apache.nifi.bootstrap.RunNiFi Registered no Notification Services for Notification Type NIFI_STOPPED
2025-05-09 11:39:58,622 INFO [main] org.apache.nifi.bootstrap.RunNiFi Registered no Notification Services for Notification Type NIFI_DIED
2025-05-09 11:39:58,854 INFO [main] org.apache.nifi.bootstrap.Command Apache NiFi has accepted the Shutdown Command and is shutting down now
2025-05-09 11:39:58,867 INFO [main] org.apache.nifi.bootstrap.Command Waiting for Apache NiFi to finish shutting down...
2025-05-09 11:40:00,871 INFO [main] org.apache.nifi.bootstrap.Command NiFi has finished shutting down.
2025-05-09 11:40:01,103 INFO [main] org.apache.nifi.bootstrap.RunNiFi Status File no longer exists. Will not restart NiFi
