2025-07-01 08:47:28,422 INFO [main] o.a.n.b.NotificationServiceManager Successfully loaded the following 0 services: []
2025-07-01 08:47:28,492 INFO [main] org.apache.nifi.bootstrap.RunNiFi Registered no Notification Services for Notification Type NIFI_STARTED
2025-07-01 08:47:28,493 INFO [main] org.apache.nifi.bootstrap.RunNiFi Registered no Notification Services for Notification Type NIFI_STOPPED
2025-07-01 08:47:28,495 INFO [main] org.apache.nifi.bootstrap.RunNiFi Registered no Notification Services for Notification Type NIFI_DIED
2025-07-01 08:47:28,531 INFO [main] org.apache.nifi.bootstrap.RunNiFi Runtime Java version: 1.8.0_322
2025-07-01 08:47:28,597 INFO [main] org.apache.nifi.bootstrap.Command Starting Apache NiFi...
2025-07-01 08:47:28,598 INFO [main] org.apache.nifi.bootstrap.Command Working Directory: /opt/nifi/nifi-current
2025-07-01 08:47:28,598 INFO [main] org.apache.nifi.bootstrap.Command Command: /usr/local/openjdk-8/bin/java -classpath /opt/nifi/nifi-current/./conf:/opt/nifi/nifi-current/./lib/jcl-over-slf4j-1.7.32.jar:/opt/nifi/nifi-current/./lib/logback-core-1.2.10.jar:/opt/nifi/nifi-current/./lib/nifi-server-api-1.15.3.jar:/opt/nifi/nifi-current/./lib/nifi-properties-1.15.3.jar:/opt/nifi/nifi-current/./lib/jetty-schemas-3.1.jar:/opt/nifi/nifi-current/./lib/nifi-stateless-api-1.15.3.jar:/opt/nifi/nifi-current/./lib/javax.servlet-api-3.1.0.jar:/opt/nifi/nifi-current/./lib/nifi-runtime-1.15.3.jar:/opt/nifi/nifi-current/./lib/nifi-stateless-bootstrap-1.15.3.jar:/opt/nifi/nifi-current/./lib/nifi-api-1.15.3.jar:/opt/nifi/nifi-current/./lib/slf4j-api-1.7.32.jar:/opt/nifi/nifi-current/./lib/nifi-nar-utils-1.15.3.jar:/opt/nifi/nifi-current/./lib/logback-classic-1.2.10.jar:/opt/nifi/nifi-current/./lib/nifi-framework-api-1.15.3.jar:/opt/nifi/nifi-current/./lib/jul-to-slf4j-1.7.32.jar:/opt/nifi/nifi-current/./lib/nifi-property-utils-1.15.3.jar:/opt/nifi/nifi-current/./lib/log4j-over-slf4j-1.7.32.jar -Dorg.apache.jasper.compiler.disablejsr199=true -Xmx512m -Xms512m -Dcurator-log-only-first-connection-issue-as-error-level=true -Djavax.security.auth.useSubjectCredsOnly=true -Djava.security.egd=file:/dev/urandom -Dzookeeper.admin.enableServer=false -Dsun.net.http.allowRestrictedHeaders=true -Djava.net.preferIPv4Stack=true -Djava.awt.headless=true -Djava.protocol.handler.pkgs=sun.net.www.protocol -Dnifi.properties.file.path=/opt/nifi/nifi-current/./conf/nifi.properties -Dnifi.bootstrap.listen.port=40425 -Dapp=NiFi -Dorg.apache.nifi.bootstrap.config.log.dir=/opt/nifi/nifi-current/logs org.apache.nifi.NiFi 
2025-07-01 08:47:28,643 INFO [main] org.apache.nifi.bootstrap.Command Launched Apache NiFi with Process ID 108
2025-07-01 08:47:30,344 INFO [NiFi Bootstrap Command Listener] org.apache.nifi.bootstrap.RunNiFi Apache NiFi now running and listening for Bootstrap requests on port 45923
2025-07-01 08:53:23,329 INFO [main] o.a.n.b.NotificationServiceManager Successfully loaded the following 0 services: []
2025-07-01 08:53:23,338 INFO [main] org.apache.nifi.bootstrap.RunNiFi Registered no Notification Services for Notification Type NIFI_STARTED
2025-07-01 08:53:23,338 INFO [main] org.apache.nifi.bootstrap.RunNiFi Registered no Notification Services for Notification Type NIFI_STOPPED
2025-07-01 08:53:23,339 INFO [main] org.apache.nifi.bootstrap.RunNiFi Registered no Notification Services for Notification Type NIFI_DIED
2025-07-01 08:53:23,388 INFO [main] org.apache.nifi.bootstrap.Command Apache NiFi has accepted the Shutdown Command and is shutting down now
2025-07-01 08:53:23,413 INFO [main] org.apache.nifi.bootstrap.Command Waiting for Apache NiFi to finish shutting down...
2025-07-01 08:53:25,417 INFO [main] org.apache.nifi.bootstrap.Command NiFi has finished shutting down.
2025-07-01 08:53:25,803 INFO [main] org.apache.nifi.bootstrap.RunNiFi Status File no longer exists. Will not restart NiFi
2025-07-01 08:53:29,125 INFO [main] o.a.n.b.NotificationServiceManager Successfully loaded the following 0 services: []
2025-07-01 08:53:29,132 INFO [main] org.apache.nifi.bootstrap.RunNiFi Registered no Notification Services for Notification Type NIFI_STARTED
2025-07-01 08:53:29,133 INFO [main] org.apache.nifi.bootstrap.RunNiFi Registered no Notification Services for Notification Type NIFI_STOPPED
2025-07-01 08:53:29,133 INFO [main] org.apache.nifi.bootstrap.RunNiFi Registered no Notification Services for Notification Type NIFI_DIED
2025-07-01 08:53:29,135 INFO [main] org.apache.nifi.bootstrap.Command Apache NiFi is not currently running
2025-07-01 08:55:17,207 INFO [main] o.a.n.b.NotificationServiceManager Successfully loaded the following 0 services: []
2025-07-01 08:55:17,213 INFO [main] org.apache.nifi.bootstrap.RunNiFi Registered no Notification Services for Notification Type NIFI_STARTED
2025-07-01 08:55:17,214 INFO [main] org.apache.nifi.bootstrap.RunNiFi Registered no Notification Services for Notification Type NIFI_STOPPED
2025-07-01 08:55:17,214 INFO [main] org.apache.nifi.bootstrap.RunNiFi Registered no Notification Services for Notification Type NIFI_DIED
2025-07-01 08:55:17,226 INFO [main] org.apache.nifi.bootstrap.RunNiFi Runtime Java version: 1.8.0_322
2025-07-01 08:55:17,253 INFO [main] org.apache.nifi.bootstrap.Command Starting Apache NiFi...
2025-07-01 08:55:17,254 INFO [main] org.apache.nifi.bootstrap.Command Working Directory: /opt/nifi/nifi-current
2025-07-01 08:55:17,255 INFO [main] org.apache.nifi.bootstrap.Command Command: /usr/local/openjdk-8/bin/java -classpath /opt/nifi/nifi-current/./conf:/opt/nifi/nifi-current/./lib/jcl-over-slf4j-1.7.32.jar:/opt/nifi/nifi-current/./lib/logback-core-1.2.10.jar:/opt/nifi/nifi-current/./lib/nifi-server-api-1.15.3.jar:/opt/nifi/nifi-current/./lib/nifi-properties-1.15.3.jar:/opt/nifi/nifi-current/./lib/jetty-schemas-3.1.jar:/opt/nifi/nifi-current/./lib/nifi-stateless-api-1.15.3.jar:/opt/nifi/nifi-current/./lib/javax.servlet-api-3.1.0.jar:/opt/nifi/nifi-current/./lib/nifi-runtime-1.15.3.jar:/opt/nifi/nifi-current/./lib/nifi-stateless-bootstrap-1.15.3.jar:/opt/nifi/nifi-current/./lib/nifi-api-1.15.3.jar:/opt/nifi/nifi-current/./lib/slf4j-api-1.7.32.jar:/opt/nifi/nifi-current/./lib/nifi-nar-utils-1.15.3.jar:/opt/nifi/nifi-current/./lib/logback-classic-1.2.10.jar:/opt/nifi/nifi-current/./lib/nifi-framework-api-1.15.3.jar:/opt/nifi/nifi-current/./lib/jul-to-slf4j-1.7.32.jar:/opt/nifi/nifi-current/./lib/nifi-property-utils-1.15.3.jar:/opt/nifi/nifi-current/./lib/log4j-over-slf4j-1.7.32.jar -Dorg.apache.jasper.compiler.disablejsr199=true -Xmx512m -Xms512m -Dcurator-log-only-first-connection-issue-as-error-level=true -Djavax.security.auth.useSubjectCredsOnly=true -Djava.security.egd=file:/dev/urandom -Dzookeeper.admin.enableServer=false -Dsun.net.http.allowRestrictedHeaders=true -Djava.net.preferIPv4Stack=true -Djava.awt.headless=true -Djava.protocol.handler.pkgs=sun.net.www.protocol -Dnifi.properties.file.path=/opt/nifi/nifi-current/./conf/nifi.properties -Dnifi.bootstrap.listen.port=37063 -Dapp=NiFi -Dorg.apache.nifi.bootstrap.config.log.dir=/opt/nifi/nifi-current/logs org.apache.nifi.NiFi 
2025-07-01 08:55:17,279 INFO [main] org.apache.nifi.bootstrap.Command Launched Apache NiFi with Process ID 107
2025-07-01 08:55:17,921 INFO [NiFi Bootstrap Command Listener] org.apache.nifi.bootstrap.RunNiFi Apache NiFi now running and listening for Bootstrap requests on port 37427
2025-07-01 08:56:19,481 INFO [main] o.a.n.b.NotificationServiceManager Successfully loaded the following 0 services: []
2025-07-01 08:56:19,489 INFO [main] org.apache.nifi.bootstrap.RunNiFi Registered no Notification Services for Notification Type NIFI_STARTED
2025-07-01 08:56:19,490 INFO [main] org.apache.nifi.bootstrap.RunNiFi Registered no Notification Services for Notification Type NIFI_STOPPED
2025-07-01 08:56:19,490 INFO [main] org.apache.nifi.bootstrap.RunNiFi Registered no Notification Services for Notification Type NIFI_DIED
2025-07-01 08:56:19,511 INFO [main] org.apache.nifi.bootstrap.Command Apache NiFi has accepted the Shutdown Command and is shutting down now
2025-07-01 08:56:19,529 INFO [main] org.apache.nifi.bootstrap.Command Waiting for Apache NiFi to finish shutting down...
2025-07-01 08:56:21,531 INFO [main] org.apache.nifi.bootstrap.Command Waiting for Apache NiFi to finish shutting down...
2025-07-01 08:56:23,534 INFO [main] org.apache.nifi.bootstrap.Command Waiting for Apache NiFi to finish shutting down...
2025-07-01 08:56:25,545 INFO [main] org.apache.nifi.bootstrap.Command Waiting for Apache NiFi to finish shutting down...
2025-07-01 08:56:27,549 INFO [main] org.apache.nifi.bootstrap.Command Waiting for Apache NiFi to finish shutting down...
2025-07-01 08:56:44,047 INFO [main] o.a.n.b.NotificationServiceManager Successfully loaded the following 0 services: []
2025-07-01 08:56:44,054 INFO [main] org.apache.nifi.bootstrap.RunNiFi Registered no Notification Services for Notification Type NIFI_STARTED
2025-07-01 08:56:44,055 INFO [main] org.apache.nifi.bootstrap.RunNiFi Registered no Notification Services for Notification Type NIFI_STOPPED
2025-07-01 08:56:44,055 INFO [main] org.apache.nifi.bootstrap.RunNiFi Registered no Notification Services for Notification Type NIFI_DIED
2025-07-01 08:56:44,070 INFO [main] org.apache.nifi.bootstrap.RunNiFi Runtime Java version: 1.8.0_322
2025-07-01 08:56:44,099 INFO [main] org.apache.nifi.bootstrap.Command Starting Apache NiFi...
2025-07-01 08:56:44,099 INFO [main] org.apache.nifi.bootstrap.Command Working Directory: /opt/nifi/nifi-current
2025-07-01 08:56:44,100 INFO [main] org.apache.nifi.bootstrap.Command Command: /usr/local/openjdk-8/bin/java -classpath /opt/nifi/nifi-current/./conf:/opt/nifi/nifi-current/./lib/jcl-over-slf4j-1.7.32.jar:/opt/nifi/nifi-current/./lib/logback-core-1.2.10.jar:/opt/nifi/nifi-current/./lib/nifi-server-api-1.15.3.jar:/opt/nifi/nifi-current/./lib/nifi-properties-1.15.3.jar:/opt/nifi/nifi-current/./lib/jetty-schemas-3.1.jar:/opt/nifi/nifi-current/./lib/nifi-stateless-api-1.15.3.jar:/opt/nifi/nifi-current/./lib/javax.servlet-api-3.1.0.jar:/opt/nifi/nifi-current/./lib/nifi-runtime-1.15.3.jar:/opt/nifi/nifi-current/./lib/nifi-stateless-bootstrap-1.15.3.jar:/opt/nifi/nifi-current/./lib/nifi-api-1.15.3.jar:/opt/nifi/nifi-current/./lib/slf4j-api-1.7.32.jar:/opt/nifi/nifi-current/./lib/nifi-nar-utils-1.15.3.jar:/opt/nifi/nifi-current/./lib/logback-classic-1.2.10.jar:/opt/nifi/nifi-current/./lib/nifi-framework-api-1.15.3.jar:/opt/nifi/nifi-current/./lib/jul-to-slf4j-1.7.32.jar:/opt/nifi/nifi-current/./lib/nifi-property-utils-1.15.3.jar:/opt/nifi/nifi-current/./lib/log4j-over-slf4j-1.7.32.jar -Dorg.apache.jasper.compiler.disablejsr199=true -Xmx512m -Xms512m -Dcurator-log-only-first-connection-issue-as-error-level=true -Djavax.security.auth.useSubjectCredsOnly=true -Djava.security.egd=file:/dev/urandom -Dzookeeper.admin.enableServer=false -Dsun.net.http.allowRestrictedHeaders=true -Djava.net.preferIPv4Stack=true -Djava.awt.headless=true -Djava.protocol.handler.pkgs=sun.net.www.protocol -Dnifi.properties.file.path=/opt/nifi/nifi-current/./conf/nifi.properties -Dnifi.bootstrap.listen.port=41951 -Dapp=NiFi -Dorg.apache.nifi.bootstrap.config.log.dir=/opt/nifi/nifi-current/logs org.apache.nifi.NiFi 
2025-07-01 08:56:44,127 INFO [main] org.apache.nifi.bootstrap.Command Launched Apache NiFi with Process ID 108
2025-07-01 08:56:44,972 INFO [NiFi Bootstrap Command Listener] org.apache.nifi.bootstrap.RunNiFi Apache NiFi now running and listening for Bootstrap requests on port 45387
2025-07-01 09:43:27,324 INFO [main] o.a.n.b.NotificationServiceManager Successfully loaded the following 0 services: []
2025-07-01 09:43:27,338 INFO [main] org.apache.nifi.bootstrap.RunNiFi Registered no Notification Services for Notification Type NIFI_STARTED
2025-07-01 09:43:27,339 INFO [main] org.apache.nifi.bootstrap.RunNiFi Registered no Notification Services for Notification Type NIFI_STOPPED
2025-07-01 09:43:27,339 INFO [main] org.apache.nifi.bootstrap.RunNiFi Registered no Notification Services for Notification Type NIFI_DIED
2025-07-01 09:43:27,384 INFO [main] org.apache.nifi.bootstrap.Command Apache NiFi has accepted the Shutdown Command and is shutting down now
2025-07-01 09:43:27,436 INFO [main] org.apache.nifi.bootstrap.Command Waiting for Apache NiFi to finish shutting down...
2025-07-01 09:43:29,442 INFO [main] org.apache.nifi.bootstrap.Command Waiting for Apache NiFi to finish shutting down...
2025-07-01 09:43:30,419 INFO [main] org.apache.nifi.bootstrap.RunNiFi A shutdown was initiated. Will not restart NiFi
2025-07-01 09:43:31,449 INFO [main] org.apache.nifi.bootstrap.Command NiFi has finished shutting down.
