2025-06-30 09:13:38,411 INFO [main] o.a.n.b.NotificationServiceManager Successfully loaded the following 0 services: []
2025-06-30 09:13:38,433 INFO [main] org.apache.nifi.bootstrap.RunNiFi Registered no Notification Services for Notification Type NIFI_STARTED
2025-06-30 09:13:38,434 INFO [main] org.apache.nifi.bootstrap.RunNiFi Registered no Notification Services for Notification Type NIFI_STOPPED
2025-06-30 09:13:38,434 INFO [main] org.apache.nifi.bootstrap.RunNiFi Registered no Notification Services for Notification Type NIFI_DIED
2025-06-30 09:13:38,447 INFO [main] org.apache.nifi.bootstrap.RunNiFi Runtime Java version: 1.8.0_322
2025-06-30 09:13:38,479 INFO [main] org.apache.nifi.bootstrap.Command Starting Apache NiFi...
2025-06-30 09:13:38,480 INFO [main] org.apache.nifi.bootstrap.Command Working Directory: /opt/nifi/nifi-current
2025-06-30 09:13:38,481 INFO [main] org.apache.nifi.bootstrap.Command Command: /usr/local/openjdk-8/bin/java -classpath /opt/nifi/nifi-current/./conf:/opt/nifi/nifi-current/./lib/jcl-over-slf4j-1.7.32.jar:/opt/nifi/nifi-current/./lib/logback-core-1.2.10.jar:/opt/nifi/nifi-current/./lib/nifi-server-api-1.15.3.jar:/opt/nifi/nifi-current/./lib/nifi-properties-1.15.3.jar:/opt/nifi/nifi-current/./lib/jetty-schemas-3.1.jar:/opt/nifi/nifi-current/./lib/nifi-stateless-api-1.15.3.jar:/opt/nifi/nifi-current/./lib/javax.servlet-api-3.1.0.jar:/opt/nifi/nifi-current/./lib/nifi-runtime-1.15.3.jar:/opt/nifi/nifi-current/./lib/nifi-stateless-bootstrap-1.15.3.jar:/opt/nifi/nifi-current/./lib/nifi-api-1.15.3.jar:/opt/nifi/nifi-current/./lib/slf4j-api-1.7.32.jar:/opt/nifi/nifi-current/./lib/nifi-nar-utils-1.15.3.jar:/opt/nifi/nifi-current/./lib/logback-classic-1.2.10.jar:/opt/nifi/nifi-current/./lib/nifi-framework-api-1.15.3.jar:/opt/nifi/nifi-current/./lib/jul-to-slf4j-1.7.32.jar:/opt/nifi/nifi-current/./lib/nifi-property-utils-1.15.3.jar:/opt/nifi/nifi-current/./lib/log4j-over-slf4j-1.7.32.jar -Dorg.apache.jasper.compiler.disablejsr199=true -Xmx512m -Xms512m -Dcurator-log-only-first-connection-issue-as-error-level=true -Djavax.security.auth.useSubjectCredsOnly=true -Djava.security.egd=file:/dev/urandom -Dzookeeper.admin.enableServer=false -Dsun.net.http.allowRestrictedHeaders=true -Djava.net.preferIPv4Stack=true -Djava.awt.headless=true -Djava.protocol.handler.pkgs=sun.net.www.protocol -Dnifi.properties.file.path=/opt/nifi/nifi-current/./conf/nifi.properties -Dnifi.bootstrap.listen.port=35177 -Dapp=NiFi -Dorg.apache.nifi.bootstrap.config.log.dir=/opt/nifi/nifi-current/logs org.apache.nifi.NiFi 
2025-06-30 09:13:38,513 INFO [main] org.apache.nifi.bootstrap.Command Launched Apache NiFi with Process ID 108
2025-06-30 09:13:39,594 INFO [NiFi Bootstrap Command Listener] org.apache.nifi.bootstrap.RunNiFi Apache NiFi now running and listening for Bootstrap requests on port 46171
2025-06-30 09:48:28,948 INFO [main] o.a.n.b.NotificationServiceManager Successfully loaded the following 0 services: []
2025-06-30 09:48:29,093 INFO [main] org.apache.nifi.bootstrap.RunNiFi Registered no Notification Services for Notification Type NIFI_STARTED
2025-06-30 09:48:29,094 INFO [main] org.apache.nifi.bootstrap.RunNiFi Registered no Notification Services for Notification Type NIFI_STOPPED
2025-06-30 09:48:29,095 INFO [main] org.apache.nifi.bootstrap.RunNiFi Registered no Notification Services for Notification Type NIFI_DIED
2025-06-30 09:48:29,162 INFO [main] org.apache.nifi.bootstrap.RunNiFi Runtime Java version: 1.8.0_322
2025-06-30 09:48:29,295 INFO [main] org.apache.nifi.bootstrap.Command Starting Apache NiFi...
2025-06-30 09:48:29,305 INFO [main] org.apache.nifi.bootstrap.Command Working Directory: /opt/nifi/nifi-current
2025-06-30 09:48:29,309 INFO [main] org.apache.nifi.bootstrap.Command Command: /usr/local/openjdk-8/bin/java -classpath /opt/nifi/nifi-current/./conf:/opt/nifi/nifi-current/./lib/jcl-over-slf4j-1.7.32.jar:/opt/nifi/nifi-current/./lib/logback-core-1.2.10.jar:/opt/nifi/nifi-current/./lib/nifi-server-api-1.15.3.jar:/opt/nifi/nifi-current/./lib/nifi-properties-1.15.3.jar:/opt/nifi/nifi-current/./lib/jetty-schemas-3.1.jar:/opt/nifi/nifi-current/./lib/nifi-stateless-api-1.15.3.jar:/opt/nifi/nifi-current/./lib/javax.servlet-api-3.1.0.jar:/opt/nifi/nifi-current/./lib/nifi-runtime-1.15.3.jar:/opt/nifi/nifi-current/./lib/nifi-stateless-bootstrap-1.15.3.jar:/opt/nifi/nifi-current/./lib/nifi-api-1.15.3.jar:/opt/nifi/nifi-current/./lib/slf4j-api-1.7.32.jar:/opt/nifi/nifi-current/./lib/nifi-nar-utils-1.15.3.jar:/opt/nifi/nifi-current/./lib/logback-classic-1.2.10.jar:/opt/nifi/nifi-current/./lib/nifi-framework-api-1.15.3.jar:/opt/nifi/nifi-current/./lib/jul-to-slf4j-1.7.32.jar:/opt/nifi/nifi-current/./lib/nifi-property-utils-1.15.3.jar:/opt/nifi/nifi-current/./lib/log4j-over-slf4j-1.7.32.jar -Dorg.apache.jasper.compiler.disablejsr199=true -Xmx512m -Xms512m -Dcurator-log-only-first-connection-issue-as-error-level=true -Djavax.security.auth.useSubjectCredsOnly=true -Djava.security.egd=file:/dev/urandom -Dzookeeper.admin.enableServer=false -Dsun.net.http.allowRestrictedHeaders=true -Djava.net.preferIPv4Stack=true -Djava.awt.headless=true -Djava.protocol.handler.pkgs=sun.net.www.protocol -Dnifi.properties.file.path=/opt/nifi/nifi-current/./conf/nifi.properties -Dnifi.bootstrap.listen.port=41001 -Dapp=NiFi -Dorg.apache.nifi.bootstrap.config.log.dir=/opt/nifi/nifi-current/logs org.apache.nifi.NiFi 
2025-06-30 09:48:29,407 INFO [main] org.apache.nifi.bootstrap.Command Launched Apache NiFi with Process ID 108
2025-06-30 09:48:34,189 INFO [NiFi Bootstrap Command Listener] org.apache.nifi.bootstrap.RunNiFi Apache NiFi now running and listening for Bootstrap requests on port 33579
2025-06-30 09:52:23,158 INFO [main] o.a.n.b.NotificationServiceManager Successfully loaded the following 0 services: []
2025-06-30 09:52:23,162 INFO [main] org.apache.nifi.bootstrap.RunNiFi Registered no Notification Services for Notification Type NIFI_STARTED
2025-06-30 09:52:23,163 INFO [main] org.apache.nifi.bootstrap.RunNiFi Registered no Notification Services for Notification Type NIFI_STOPPED
2025-06-30 09:52:23,163 INFO [main] org.apache.nifi.bootstrap.RunNiFi Registered no Notification Services for Notification Type NIFI_DIED
2025-06-30 09:52:23,209 INFO [main] org.apache.nifi.bootstrap.Command Apache NiFi has accepted the Shutdown Command and is shutting down now
2025-06-30 09:52:23,232 INFO [main] org.apache.nifi.bootstrap.Command Waiting for Apache NiFi to finish shutting down...
2025-06-30 09:52:25,235 INFO [main] org.apache.nifi.bootstrap.Command NiFi has finished shutting down.
2025-06-30 09:52:25,462 INFO [main] org.apache.nifi.bootstrap.RunNiFi Status File no longer exists. Will not restart NiFi
2025-06-30 10:03:11,394 INFO [main] o.a.n.b.NotificationServiceManager Successfully loaded the following 0 services: []
2025-06-30 10:03:11,403 INFO [main] org.apache.nifi.bootstrap.RunNiFi Registered no Notification Services for Notification Type NIFI_STARTED
2025-06-30 10:03:11,404 INFO [main] org.apache.nifi.bootstrap.RunNiFi Registered no Notification Services for Notification Type NIFI_STOPPED
2025-06-30 10:03:11,404 INFO [main] org.apache.nifi.bootstrap.RunNiFi Registered no Notification Services for Notification Type NIFI_DIED
2025-06-30 10:03:11,416 INFO [main] org.apache.nifi.bootstrap.RunNiFi Runtime Java version: 1.8.0_322
2025-06-30 10:03:11,443 INFO [main] org.apache.nifi.bootstrap.Command Starting Apache NiFi...
2025-06-30 10:03:11,443 INFO [main] org.apache.nifi.bootstrap.Command Working Directory: /opt/nifi/nifi-current
2025-06-30 10:03:11,444 INFO [main] org.apache.nifi.bootstrap.Command Command: /usr/local/openjdk-8/bin/java -classpath /opt/nifi/nifi-current/./conf:/opt/nifi/nifi-current/./lib/jcl-over-slf4j-1.7.32.jar:/opt/nifi/nifi-current/./lib/logback-core-1.2.10.jar:/opt/nifi/nifi-current/./lib/nifi-server-api-1.15.3.jar:/opt/nifi/nifi-current/./lib/nifi-properties-1.15.3.jar:/opt/nifi/nifi-current/./lib/jetty-schemas-3.1.jar:/opt/nifi/nifi-current/./lib/nifi-stateless-api-1.15.3.jar:/opt/nifi/nifi-current/./lib/javax.servlet-api-3.1.0.jar:/opt/nifi/nifi-current/./lib/nifi-runtime-1.15.3.jar:/opt/nifi/nifi-current/./lib/nifi-stateless-bootstrap-1.15.3.jar:/opt/nifi/nifi-current/./lib/nifi-api-1.15.3.jar:/opt/nifi/nifi-current/./lib/slf4j-api-1.7.32.jar:/opt/nifi/nifi-current/./lib/nifi-nar-utils-1.15.3.jar:/opt/nifi/nifi-current/./lib/logback-classic-1.2.10.jar:/opt/nifi/nifi-current/./lib/nifi-framework-api-1.15.3.jar:/opt/nifi/nifi-current/./lib/jul-to-slf4j-1.7.32.jar:/opt/nifi/nifi-current/./lib/nifi-property-utils-1.15.3.jar:/opt/nifi/nifi-current/./lib/log4j-over-slf4j-1.7.32.jar -Dorg.apache.jasper.compiler.disablejsr199=true -Xmx512m -Xms512m -Dcurator-log-only-first-connection-issue-as-error-level=true -Djavax.security.auth.useSubjectCredsOnly=true -Djava.security.egd=file:/dev/urandom -Dzookeeper.admin.enableServer=false -Dsun.net.http.allowRestrictedHeaders=true -Djava.net.preferIPv4Stack=true -Djava.awt.headless=true -Djava.protocol.handler.pkgs=sun.net.www.protocol -Dnifi.properties.file.path=/opt/nifi/nifi-current/./conf/nifi.properties -Dnifi.bootstrap.listen.port=36137 -Dapp=NiFi -Dorg.apache.nifi.bootstrap.config.log.dir=/opt/nifi/nifi-current/logs org.apache.nifi.NiFi 
2025-06-30 10:03:11,471 INFO [main] org.apache.nifi.bootstrap.Command Launched Apache NiFi with Process ID 107
2025-06-30 10:03:12,214 INFO [NiFi Bootstrap Command Listener] org.apache.nifi.bootstrap.RunNiFi Apache NiFi now running and listening for Bootstrap requests on port 37145
2025-06-30 10:03:14,898 INFO [main] o.a.n.b.NotificationServiceManager Successfully loaded the following 0 services: []
2025-06-30 10:03:14,903 INFO [main] org.apache.nifi.bootstrap.RunNiFi Registered no Notification Services for Notification Type NIFI_STARTED
2025-06-30 10:03:14,903 INFO [main] org.apache.nifi.bootstrap.RunNiFi Registered no Notification Services for Notification Type NIFI_STOPPED
2025-06-30 10:03:14,904 INFO [main] org.apache.nifi.bootstrap.RunNiFi Registered no Notification Services for Notification Type NIFI_DIED
2025-06-30 10:03:14,994 INFO [main] org.apache.nifi.bootstrap.Command Apache NiFi has accepted the Shutdown Command and is shutting down now
2025-06-30 10:03:15,019 INFO [main] org.apache.nifi.bootstrap.Command Waiting for Apache NiFi to finish shutting down...
2025-06-30 10:03:17,022 INFO [main] org.apache.nifi.bootstrap.Command Waiting for Apache NiFi to finish shutting down...
2025-06-30 10:03:19,032 INFO [main] org.apache.nifi.bootstrap.Command Waiting for Apache NiFi to finish shutting down...
2025-06-30 10:03:21,036 INFO [main] org.apache.nifi.bootstrap.Command Waiting for Apache NiFi to finish shutting down...
2025-06-30 10:03:23,039 INFO [main] org.apache.nifi.bootstrap.Command Waiting for Apache NiFi to finish shutting down...
2025-06-30 10:03:46,770 INFO [main] o.a.n.b.NotificationServiceManager Successfully loaded the following 0 services: []
2025-06-30 10:03:46,775 INFO [main] org.apache.nifi.bootstrap.RunNiFi Registered no Notification Services for Notification Type NIFI_STARTED
2025-06-30 10:03:46,775 INFO [main] org.apache.nifi.bootstrap.RunNiFi Registered no Notification Services for Notification Type NIFI_STOPPED
2025-06-30 10:03:46,776 INFO [main] org.apache.nifi.bootstrap.RunNiFi Registered no Notification Services for Notification Type NIFI_DIED
2025-06-30 10:03:46,785 INFO [main] org.apache.nifi.bootstrap.RunNiFi Runtime Java version: 1.8.0_322
2025-06-30 10:03:46,803 INFO [main] org.apache.nifi.bootstrap.Command Starting Apache NiFi...
2025-06-30 10:03:46,804 INFO [main] org.apache.nifi.bootstrap.Command Working Directory: /opt/nifi/nifi-current
2025-06-30 10:03:46,805 INFO [main] org.apache.nifi.bootstrap.Command Command: /usr/local/openjdk-8/bin/java -classpath /opt/nifi/nifi-current/./conf:/opt/nifi/nifi-current/./lib/jcl-over-slf4j-1.7.32.jar:/opt/nifi/nifi-current/./lib/logback-core-1.2.10.jar:/opt/nifi/nifi-current/./lib/nifi-server-api-1.15.3.jar:/opt/nifi/nifi-current/./lib/nifi-properties-1.15.3.jar:/opt/nifi/nifi-current/./lib/jetty-schemas-3.1.jar:/opt/nifi/nifi-current/./lib/nifi-stateless-api-1.15.3.jar:/opt/nifi/nifi-current/./lib/javax.servlet-api-3.1.0.jar:/opt/nifi/nifi-current/./lib/nifi-runtime-1.15.3.jar:/opt/nifi/nifi-current/./lib/nifi-stateless-bootstrap-1.15.3.jar:/opt/nifi/nifi-current/./lib/nifi-api-1.15.3.jar:/opt/nifi/nifi-current/./lib/slf4j-api-1.7.32.jar:/opt/nifi/nifi-current/./lib/nifi-nar-utils-1.15.3.jar:/opt/nifi/nifi-current/./lib/logback-classic-1.2.10.jar:/opt/nifi/nifi-current/./lib/nifi-framework-api-1.15.3.jar:/opt/nifi/nifi-current/./lib/jul-to-slf4j-1.7.32.jar:/opt/nifi/nifi-current/./lib/nifi-property-utils-1.15.3.jar:/opt/nifi/nifi-current/./lib/log4j-over-slf4j-1.7.32.jar -Dorg.apache.jasper.compiler.disablejsr199=true -Xmx512m -Xms512m -Dcurator-log-only-first-connection-issue-as-error-level=true -Djavax.security.auth.useSubjectCredsOnly=true -Djava.security.egd=file:/dev/urandom -Dzookeeper.admin.enableServer=false -Dsun.net.http.allowRestrictedHeaders=true -Djava.net.preferIPv4Stack=true -Djava.awt.headless=true -Djava.protocol.handler.pkgs=sun.net.www.protocol -Dnifi.properties.file.path=/opt/nifi/nifi-current/./conf/nifi.properties -Dnifi.bootstrap.listen.port=34475 -Dapp=NiFi -Dorg.apache.nifi.bootstrap.config.log.dir=/opt/nifi/nifi-current/logs org.apache.nifi.NiFi 
2025-06-30 10:03:46,829 INFO [main] org.apache.nifi.bootstrap.Command Launched Apache NiFi with Process ID 107
2025-06-30 10:03:47,493 INFO [NiFi Bootstrap Command Listener] org.apache.nifi.bootstrap.RunNiFi Apache NiFi now running and listening for Bootstrap requests on port 35185
2025-06-30 10:03:48,695 INFO [main] o.a.n.b.NotificationServiceManager Successfully loaded the following 0 services: []
2025-06-30 10:03:48,701 INFO [main] org.apache.nifi.bootstrap.RunNiFi Registered no Notification Services for Notification Type NIFI_STARTED
2025-06-30 10:03:48,702 INFO [main] org.apache.nifi.bootstrap.RunNiFi Registered no Notification Services for Notification Type NIFI_STOPPED
2025-06-30 10:03:48,702 INFO [main] org.apache.nifi.bootstrap.RunNiFi Registered no Notification Services for Notification Type NIFI_DIED
2025-06-30 10:03:48,746 INFO [main] org.apache.nifi.bootstrap.Command Apache NiFi has accepted the Shutdown Command and is shutting down now
2025-06-30 10:03:48,757 INFO [main] org.apache.nifi.bootstrap.Command Waiting for Apache NiFi to finish shutting down...
2025-06-30 10:03:50,760 INFO [main] org.apache.nifi.bootstrap.Command Waiting for Apache NiFi to finish shutting down...
2025-06-30 10:03:52,763 INFO [main] org.apache.nifi.bootstrap.Command Waiting for Apache NiFi to finish shutting down...
2025-06-30 10:03:54,846 INFO [main] org.apache.nifi.bootstrap.Command Waiting for Apache NiFi to finish shutting down...
2025-06-30 10:03:56,849 INFO [main] org.apache.nifi.bootstrap.Command Waiting for Apache NiFi to finish shutting down...
2025-06-30 10:13:59,852 INFO [main] o.a.n.b.NotificationServiceManager Successfully loaded the following 0 services: []
2025-06-30 10:13:59,858 INFO [main] org.apache.nifi.bootstrap.RunNiFi Registered no Notification Services for Notification Type NIFI_STARTED
2025-06-30 10:13:59,858 INFO [main] org.apache.nifi.bootstrap.RunNiFi Registered no Notification Services for Notification Type NIFI_STOPPED
2025-06-30 10:13:59,858 INFO [main] org.apache.nifi.bootstrap.RunNiFi Registered no Notification Services for Notification Type NIFI_DIED
2025-06-30 10:13:59,868 INFO [main] org.apache.nifi.bootstrap.RunNiFi Runtime Java version: 1.8.0_322
2025-06-30 10:13:59,892 INFO [main] org.apache.nifi.bootstrap.Command Starting Apache NiFi...
2025-06-30 10:13:59,892 INFO [main] org.apache.nifi.bootstrap.Command Working Directory: /opt/nifi/nifi-current
2025-06-30 10:13:59,893 INFO [main] org.apache.nifi.bootstrap.Command Command: /usr/local/openjdk-8/bin/java -classpath /opt/nifi/nifi-current/./conf:/opt/nifi/nifi-current/./lib/jcl-over-slf4j-1.7.32.jar:/opt/nifi/nifi-current/./lib/logback-core-1.2.10.jar:/opt/nifi/nifi-current/./lib/nifi-server-api-1.15.3.jar:/opt/nifi/nifi-current/./lib/nifi-properties-1.15.3.jar:/opt/nifi/nifi-current/./lib/jetty-schemas-3.1.jar:/opt/nifi/nifi-current/./lib/nifi-stateless-api-1.15.3.jar:/opt/nifi/nifi-current/./lib/javax.servlet-api-3.1.0.jar:/opt/nifi/nifi-current/./lib/nifi-runtime-1.15.3.jar:/opt/nifi/nifi-current/./lib/nifi-stateless-bootstrap-1.15.3.jar:/opt/nifi/nifi-current/./lib/nifi-api-1.15.3.jar:/opt/nifi/nifi-current/./lib/slf4j-api-1.7.32.jar:/opt/nifi/nifi-current/./lib/nifi-nar-utils-1.15.3.jar:/opt/nifi/nifi-current/./lib/logback-classic-1.2.10.jar:/opt/nifi/nifi-current/./lib/nifi-framework-api-1.15.3.jar:/opt/nifi/nifi-current/./lib/jul-to-slf4j-1.7.32.jar:/opt/nifi/nifi-current/./lib/nifi-property-utils-1.15.3.jar:/opt/nifi/nifi-current/./lib/log4j-over-slf4j-1.7.32.jar -Dorg.apache.jasper.compiler.disablejsr199=true -Xmx512m -Xms512m -Dcurator-log-only-first-connection-issue-as-error-level=true -Djavax.security.auth.useSubjectCredsOnly=true -Djava.security.egd=file:/dev/urandom -Dzookeeper.admin.enableServer=false -Dsun.net.http.allowRestrictedHeaders=true -Djava.net.preferIPv4Stack=true -Djava.awt.headless=true -Djava.protocol.handler.pkgs=sun.net.www.protocol -Dnifi.properties.file.path=/opt/nifi/nifi-current/./conf/nifi.properties -Dnifi.bootstrap.listen.port=33007 -Dapp=NiFi -Dorg.apache.nifi.bootstrap.config.log.dir=/opt/nifi/nifi-current/logs org.apache.nifi.NiFi 
2025-06-30 10:13:59,911 INFO [main] org.apache.nifi.bootstrap.Command Launched Apache NiFi with Process ID 107
2025-06-30 10:14:00,767 INFO [NiFi Bootstrap Command Listener] org.apache.nifi.bootstrap.RunNiFi Apache NiFi now running and listening for Bootstrap requests on port 35047
2025-06-30 10:14:01,300 INFO [main] o.a.n.b.NotificationServiceManager Successfully loaded the following 0 services: []
2025-06-30 10:14:01,306 INFO [main] org.apache.nifi.bootstrap.RunNiFi Registered no Notification Services for Notification Type NIFI_STARTED
2025-06-30 10:14:01,307 INFO [main] org.apache.nifi.bootstrap.RunNiFi Registered no Notification Services for Notification Type NIFI_STOPPED
2025-06-30 10:14:01,307 INFO [main] org.apache.nifi.bootstrap.RunNiFi Registered no Notification Services for Notification Type NIFI_DIED
2025-06-30 10:14:01,356 INFO [main] org.apache.nifi.bootstrap.Command Apache NiFi has accepted the Shutdown Command and is shutting down now
2025-06-30 10:14:01,373 INFO [main] org.apache.nifi.bootstrap.Command Waiting for Apache NiFi to finish shutting down...
2025-06-30 10:14:03,375 INFO [main] org.apache.nifi.bootstrap.Command Waiting for Apache NiFi to finish shutting down...
2025-06-30 10:14:05,378 INFO [main] org.apache.nifi.bootstrap.Command Waiting for Apache NiFi to finish shutting down...
2025-06-30 10:14:07,380 INFO [main] org.apache.nifi.bootstrap.Command Waiting for Apache NiFi to finish shutting down...
2025-06-30 10:14:09,384 INFO [main] org.apache.nifi.bootstrap.Command Waiting for Apache NiFi to finish shutting down...
